2018-10-29 21:37:43.333 [main] INFO  org.springframework.web.servlet.DispatcherServlet - FrameworkServlet 'dispatcher': initialization started
2018-10-29 21:37:43.333 [main] INFO  o.s.web.context.support.XmlWebApplicationContext - Refreshing WebApplicationContext for namespace 'dispatcher-servlet': startup date [Mon Oct 29 21:37:43 CST 2018]; parent: Root WebApplicationContext
2018-10-29 21:37:43.333 [main] INFO  o.s.beans.factory.xml.XmlBeanDefinitionReader - Loading XML bean definitions from class path resource [spring/spring-mvc.xml]
2018-10-29 21:37:43.395 [main] INFO  o.s.b.f.a.AutowiredAnnotationBeanPostProcessor - JSR-330 'javax.inject.Inject' annotation found and supported for autowiring
2018-10-29 21:37:43.411 [main] INFO  o.s.w.s.m.m.a.RequestMappingHandlerMapping - Mapped "{[/activate],methods=[GET],params=[],headers=[],consumes=[],produces=[],custom=[]}" onto public com.xhMall.dto.BaseResult<?> com.xhMall.controller.UserController.activate(java.lang.String,java.lang.String)
2018-10-29 21:37:43.411 [main] INFO  o.s.w.s.m.m.a.RequestMappingHandlerMapping - Mapped "{[/getVerifyCode],methods=[GET],params=[],headers=[],consumes=[],produces=[],custom=[]}" onto public com.xhMall.dto.BaseResult<?> com.xhMall.controller.UserController.getVerifyCode(javax.servlet.http.HttpServletRequest,javax.servlet.http.HttpServletResponse)
2018-10-29 21:37:43.411 [main] INFO  o.s.w.s.m.m.a.RequestMappingHandlerMapping - Mapped "{[/regist],methods=[],params=[],headers=[],consumes=[],produces=[],custom=[]}" onto public com.xhMall.dto.BaseResult<?> com.xhMall.controller.UserController.regist(javax.servlet.http.HttpServletResponse,javax.servlet.http.HttpServletRequest,com.xhMall.db.entity.UserEntity,org.springframework.validation.BindingResult)
2018-10-29 21:37:43.411 [main] INFO  o.s.w.s.m.m.a.RequestMappingHandlerMapping - Mapped "{[/mall_regist],methods=[],params=[],headers=[],consumes=[],produces=[],custom=[]}" onto public org.springframework.web.servlet.ModelAndView com.xhMall.controller.UserController.mall_regist(javax.servlet.http.HttpServletRequest,javax.servlet.http.HttpServletResponse)
2018-10-29 21:37:43.411 [main] INFO  o.s.w.s.m.m.a.RequestMappingHandlerMapping - Mapped "{[/showData],methods=[],params=[],headers=[],consumes=[],produces=[],custom=[]}" onto public com.xhMall.dto.BaseResult<?> com.xhMall.controller.UserController.showData()
2018-10-29 21:37:43.411 [main] INFO  o.s.w.s.m.m.a.RequestMappingHandlerMapping - Mapped "{[/showData1],methods=[],params=[],headers=[],consumes=[],produces=[],custom=[]}" onto public java.lang.String com.xhMall.controller.UserController.showData1()
2018-10-29 21:37:43.411 [main] INFO  o.s.w.s.m.m.a.RequestMappingHandlerMapping - Mapped "{[/index],methods=[],params=[],headers=[],consumes=[],produces=[],custom=[]}" onto public java.lang.String com.xhMall.controller.UserController.testView(org.springframework.ui.Model)
2018-10-29 21:37:43.411 [main] INFO  o.s.w.s.m.m.a.RequestMappingHandlerMapping - Mapped "{[/fileUpLoad],methods=[],params=[],headers=[],consumes=[],produces=[],custom=[]}" onto public java.lang.String com.xhMall.controller.UserController.fileUpLoad(org.springframework.web.multipart.MultipartFile,javax.servlet.http.HttpServletRequest)
2018-10-29 21:37:43.411 [main] INFO  o.s.w.s.m.m.a.RequestMappingHandlerMapping - Mapped "{[/exportData],methods=[],params=[],headers=[],consumes=[],produces=[],custom=[]}" onto public org.springframework.http.ResponseEntity<byte[]> com.xhMall.controller.UserController.exportData(javax.servlet.http.HttpServletResponse)
2018-10-29 21:37:43.411 [main] INFO  o.s.w.s.m.m.a.RequestMappingHandlerMapping - Mapped "{[/login],methods=[POST],params=[],headers=[],consumes=[],produces=[],custom=[]}" onto public java.lang.String com.xhMall.controller.UserController.login(javax.servlet.http.HttpServletRequest,javax.servlet.http.HttpServletResponse,com.xhMall.db.entity.UserEntity)
2018-10-29 21:37:43.489 [main] INFO  o.s.web.servlet.handler.SimpleUrlHandlerMapping - Mapped URL path [/**] onto handler 'org.springframework.web.servlet.resource.DefaultServletHttpRequestHandler#0'
2018-10-29 21:37:43.504 [main] INFO  o.s.w.s.m.m.a.RequestMappingHandlerMapping - Mapped "{[/activate],methods=[GET],params=[],headers=[],consumes=[],produces=[],custom=[]}" onto public com.xhMall.dto.BaseResult<?> com.xhMall.controller.UserController.activate(java.lang.String,java.lang.String)
2018-10-29 21:37:43.504 [main] INFO  o.s.w.s.m.m.a.RequestMappingHandlerMapping - Mapped "{[/getVerifyCode],methods=[GET],params=[],headers=[],consumes=[],produces=[],custom=[]}" onto public com.xhMall.dto.BaseResult<?> com.xhMall.controller.UserController.getVerifyCode(javax.servlet.http.HttpServletRequest,javax.servlet.http.HttpServletResponse)
2018-10-29 21:37:43.504 [main] INFO  o.s.w.s.m.m.a.RequestMappingHandlerMapping - Mapped "{[/regist],methods=[],params=[],headers=[],consumes=[],produces=[],custom=[]}" onto public com.xhMall.dto.BaseResult<?> com.xhMall.controller.UserController.regist(javax.servlet.http.HttpServletResponse,javax.servlet.http.HttpServletRequest,com.xhMall.db.entity.UserEntity,org.springframework.validation.BindingResult)
2018-10-29 21:37:43.504 [main] INFO  o.s.w.s.m.m.a.RequestMappingHandlerMapping - Mapped "{[/mall_regist],methods=[],params=[],headers=[],consumes=[],produces=[],custom=[]}" onto public org.springframework.web.servlet.ModelAndView com.xhMall.controller.UserController.mall_regist(javax.servlet.http.HttpServletRequest,javax.servlet.http.HttpServletResponse)
2018-10-29 21:37:43.504 [main] INFO  o.s.w.s.m.m.a.RequestMappingHandlerMapping - Mapped "{[/showData],methods=[],params=[],headers=[],consumes=[],produces=[],custom=[]}" onto public com.xhMall.dto.BaseResult<?> com.xhMall.controller.UserController.showData()
2018-10-29 21:37:43.504 [main] INFO  o.s.w.s.m.m.a.RequestMappingHandlerMapping - Mapped "{[/showData1],methods=[],params=[],headers=[],consumes=[],produces=[],custom=[]}" onto public java.lang.String com.xhMall.controller.UserController.showData1()
2018-10-29 21:37:43.504 [main] INFO  o.s.w.s.m.m.a.RequestMappingHandlerMapping - Mapped "{[/index],methods=[],params=[],headers=[],consumes=[],produces=[],custom=[]}" onto public java.lang.String com.xhMall.controller.UserController.testView(org.springframework.ui.Model)
2018-10-29 21:37:43.504 [main] INFO  o.s.w.s.m.m.a.RequestMappingHandlerMapping - Mapped "{[/fileUpLoad],methods=[],params=[],headers=[],consumes=[],produces=[],custom=[]}" onto public java.lang.String com.xhMall.controller.UserController.fileUpLoad(org.springframework.web.multipart.MultipartFile,javax.servlet.http.HttpServletRequest)
2018-10-29 21:37:43.504 [main] INFO  o.s.w.s.m.m.a.RequestMappingHandlerMapping - Mapped "{[/exportData],methods=[],params=[],headers=[],consumes=[],produces=[],custom=[]}" onto public org.springframework.http.ResponseEntity<byte[]> com.xhMall.controller.UserController.exportData(javax.servlet.http.HttpServletResponse)
2018-10-29 21:37:43.504 [main] INFO  o.s.w.s.m.m.a.RequestMappingHandlerMapping - Mapped "{[/login],methods=[POST],params=[],headers=[],consumes=[],produces=[],custom=[]}" onto public java.lang.String com.xhMall.controller.UserController.login(javax.servlet.http.HttpServletRequest,javax.servlet.http.HttpServletResponse,com.xhMall.db.entity.UserEntity)
2018-10-29 21:37:43.520 [main] INFO  org.apache.tiles.access.TilesAccess - Publishing TilesContext for context: org.springframework.web.servlet.view.tiles3.SpringWildcardServletTilesApplicationContext
2018-10-29 21:37:43.551 [main] INFO  org.springframework.web.servlet.DispatcherServlet - FrameworkServlet 'dispatcher': initialization completed in 218 ms
2018-10-29 22:00:44.970 [main] INFO  org.springframework.web.servlet.DispatcherServlet - FrameworkServlet 'dispatcher': initialization started
2018-10-29 22:00:44.970 [main] INFO  o.s.web.context.support.XmlWebApplicationContext - Refreshing WebApplicationContext for namespace 'dispatcher-servlet': startup date [Mon Oct 29 22:00:44 CST 2018]; parent: Root WebApplicationContext
2018-10-29 22:00:44.970 [main] INFO  o.s.beans.factory.xml.XmlBeanDefinitionReader - Loading XML bean definitions from class path resource [spring/spring-mvc.xml]
2018-10-29 22:00:45.033 [main] INFO  o.s.b.f.a.AutowiredAnnotationBeanPostProcessor - JSR-330 'javax.inject.Inject' annotation found and supported for autowiring
2018-10-29 22:00:45.049 [main] INFO  o.s.w.s.m.m.a.RequestMappingHandlerMapping - Mapped "{[/activate],methods=[GET],params=[],headers=[],consumes=[],produces=[],custom=[]}" onto public com.xhMall.dto.BaseResult<?> com.xhMall.controller.UserController.activate(java.lang.String,java.lang.String)
2018-10-29 22:00:45.049 [main] INFO  o.s.w.s.m.m.a.RequestMappingHandlerMapping - Mapped "{[/getVerifyCode],methods=[GET],params=[],headers=[],consumes=[],produces=[],custom=[]}" onto public com.xhMall.dto.BaseResult<?> com.xhMall.controller.UserController.getVerifyCode(javax.servlet.http.HttpServletRequest,javax.servlet.http.HttpServletResponse)
2018-10-29 22:00:45.049 [main] INFO  o.s.w.s.m.m.a.RequestMappingHandlerMapping - Mapped "{[/showData],methods=[],params=[],headers=[],consumes=[],produces=[],custom=[]}" onto public com.xhMall.dto.BaseResult<?> com.xhMall.controller.UserController.showData()
2018-10-29 22:00:45.049 [main] INFO  o.s.w.s.m.m.a.RequestMappingHandlerMapping - Mapped "{[/index],methods=[],params=[],headers=[],consumes=[],produces=[],custom=[]}" onto public java.lang.String com.xhMall.controller.UserController.testView(org.springframework.ui.Model)
2018-10-29 22:00:45.049 [main] INFO  o.s.w.s.m.m.a.RequestMappingHandlerMapping - Mapped "{[/test],methods=[],params=[],headers=[],consumes=[],produces=[],custom=[]}" onto public org.springframework.web.servlet.ModelAndView com.xhMall.controller.UserController.testView()
2018-10-29 22:00:45.049 [main] INFO  o.s.w.s.m.m.a.RequestMappingHandlerMapping - Mapped "{[/fileUpLoad],methods=[],params=[],headers=[],consumes=[],produces=[],custom=[]}" onto public java.lang.String com.xhMall.controller.UserController.fileUpLoad(org.springframework.web.multipart.MultipartFile,javax.servlet.http.HttpServletRequest)
2018-10-29 22:00:45.049 [main] INFO  o.s.w.s.m.m.a.RequestMappingHandlerMapping - Mapped "{[/mall_regist],methods=[],params=[],headers=[],consumes=[],produces=[],custom=[]}" onto public org.springframework.web.servlet.ModelAndView com.xhMall.controller.UserController.mall_regist(javax.servlet.http.HttpServletRequest,javax.servlet.http.HttpServletResponse)
2018-10-29 22:00:45.049 [main] INFO  o.s.w.s.m.m.a.RequestMappingHandlerMapping - Mapped "{[/showData1],methods=[],params=[],headers=[],consumes=[],produces=[],custom=[]}" onto public java.lang.String com.xhMall.controller.UserController.showData1()
2018-10-29 22:00:45.049 [main] INFO  o.s.w.s.m.m.a.RequestMappingHandlerMapping - Mapped "{[/exportData],methods=[],params=[],headers=[],consumes=[],produces=[],custom=[]}" onto public org.springframework.http.ResponseEntity<byte[]> com.xhMall.controller.UserController.exportData(javax.servlet.http.HttpServletResponse)
2018-10-29 22:00:45.049 [main] INFO  o.s.w.s.m.m.a.RequestMappingHandlerMapping - Mapped "{[/regist],methods=[],params=[],headers=[],consumes=[],produces=[],custom=[]}" onto public com.xhMall.dto.BaseResult<?> com.xhMall.controller.UserController.regist(javax.servlet.http.HttpServletResponse,javax.servlet.http.HttpServletRequest,com.xhMall.db.entity.UserEntity,org.springframework.validation.BindingResult)
2018-10-29 22:00:45.049 [main] INFO  o.s.w.s.m.m.a.RequestMappingHandlerMapping - Mapped "{[/login],methods=[POST],params=[],headers=[],consumes=[],produces=[],custom=[]}" onto public java.lang.String com.xhMall.controller.UserController.login(javax.servlet.http.HttpServletRequest,javax.servlet.http.HttpServletResponse,com.xhMall.db.entity.UserEntity)
2018-10-29 22:00:45.142 [main] INFO  o.s.web.servlet.handler.SimpleUrlHandlerMapping - Mapped URL path [/**] onto handler 'org.springframework.web.servlet.resource.DefaultServletHttpRequestHandler#0'
2018-10-29 22:00:45.142 [main] INFO  o.s.w.s.m.m.a.RequestMappingHandlerMapping - Mapped "{[/activate],methods=[GET],params=[],headers=[],consumes=[],produces=[],custom=[]}" onto public com.xhMall.dto.BaseResult<?> com.xhMall.controller.UserController.activate(java.lang.String,java.lang.String)
2018-10-29 22:00:45.142 [main] INFO  o.s.w.s.m.m.a.RequestMappingHandlerMapping - Mapped "{[/getVerifyCode],methods=[GET],params=[],headers=[],consumes=[],produces=[],custom=[]}" onto public com.xhMall.dto.BaseResult<?> com.xhMall.controller.UserController.getVerifyCode(javax.servlet.http.HttpServletRequest,javax.servlet.http.HttpServletResponse)
2018-10-29 22:00:45.142 [main] INFO  o.s.w.s.m.m.a.RequestMappingHandlerMapping - Mapped "{[/showData],methods=[],params=[],headers=[],consumes=[],produces=[],custom=[]}" onto public com.xhMall.dto.BaseResult<?> com.xhMall.controller.UserController.showData()
2018-10-29 22:00:45.142 [main] INFO  o.s.w.s.m.m.a.RequestMappingHandlerMapping - Mapped "{[/index],methods=[],params=[],headers=[],consumes=[],produces=[],custom=[]}" onto public java.lang.String com.xhMall.controller.UserController.testView(org.springframework.ui.Model)
2018-10-29 22:00:45.142 [main] INFO  o.s.w.s.m.m.a.RequestMappingHandlerMapping - Mapped "{[/test],methods=[],params=[],headers=[],consumes=[],produces=[],custom=[]}" onto public org.springframework.web.servlet.ModelAndView com.xhMall.controller.UserController.testView()
2018-10-29 22:00:45.142 [main] INFO  o.s.w.s.m.m.a.RequestMappingHandlerMapping - Mapped "{[/fileUpLoad],methods=[],params=[],headers=[],consumes=[],produces=[],custom=[]}" onto public java.lang.String com.xhMall.controller.UserController.fileUpLoad(org.springframework.web.multipart.MultipartFile,javax.servlet.http.HttpServletRequest)
2018-10-29 22:00:45.142 [main] INFO  o.s.w.s.m.m.a.RequestMappingHandlerMapping - Mapped "{[/mall_regist],methods=[],params=[],headers=[],consumes=[],produces=[],custom=[]}" onto public org.springframework.web.servlet.ModelAndView com.xhMall.controller.UserController.mall_regist(javax.servlet.http.HttpServletRequest,javax.servlet.http.HttpServletResponse)
2018-10-29 22:00:45.142 [main] INFO  o.s.w.s.m.m.a.RequestMappingHandlerMapping - Mapped "{[/showData1],methods=[],params=[],headers=[],consumes=[],produces=[],custom=[]}" onto public java.lang.String com.xhMall.controller.UserController.showData1()
2018-10-29 22:00:45.142 [main] INFO  o.s.w.s.m.m.a.RequestMappingHandlerMapping - Mapped "{[/exportData],methods=[],params=[],headers=[],consumes=[],produces=[],custom=[]}" onto public org.springframework.http.ResponseEntity<byte[]> com.xhMall.controller.UserController.exportData(javax.servlet.http.HttpServletResponse)
2018-10-29 22:00:45.142 [main] INFO  o.s.w.s.m.m.a.RequestMappingHandlerMapping - Mapped "{[/regist],methods=[],params=[],headers=[],consumes=[],produces=[],custom=[]}" onto public com.xhMall.dto.BaseResult<?> com.xhMall.controller.UserController.regist(javax.servlet.http.HttpServletResponse,javax.servlet.http.HttpServletRequest,com.xhMall.db.entity.UserEntity,org.springframework.validation.BindingResult)
2018-10-29 22:00:45.142 [main] INFO  o.s.w.s.m.m.a.RequestMappingHandlerMapping - Mapped "{[/login],methods=[POST],params=[],headers=[],consumes=[],produces=[],custom=[]}" onto public java.lang.String com.xhMall.controller.UserController.login(javax.servlet.http.HttpServletRequest,javax.servlet.http.HttpServletResponse,com.xhMall.db.entity.UserEntity)
2018-10-29 22:00:45.205 [main] INFO  org.apache.tiles.access.TilesAccess - Publishing TilesContext for context: org.springframework.web.servlet.view.tiles3.SpringWildcardServletTilesApplicationContext
2018-10-29 22:00:45.267 [main] INFO  org.springframework.web.servlet.DispatcherServlet - FrameworkServlet 'dispatcher': initialization completed in 297 ms
2018-10-29 22:17:54.266 [main] INFO  org.springframework.web.servlet.DispatcherServlet - FrameworkServlet 'dispatcher': initialization started
2018-10-29 22:17:54.282 [main] INFO  o.s.web.context.support.XmlWebApplicationContext - Refreshing WebApplicationContext for namespace 'dispatcher-servlet': startup date [Mon Oct 29 22:17:54 CST 2018]; parent: Root WebApplicationContext
2018-10-29 22:17:54.282 [main] INFO  o.s.beans.factory.xml.XmlBeanDefinitionReader - Loading XML bean definitions from class path resource [spring/spring-mvc.xml]
2018-10-29 22:17:54.423 [main] INFO  o.s.b.f.a.AutowiredAnnotationBeanPostProcessor - JSR-330 'javax.inject.Inject' annotation found and supported for autowiring
2018-10-29 22:17:54.438 [main] INFO  o.s.w.s.m.m.a.RequestMappingHandlerMapping - Mapped "{[/activate],methods=[GET],params=[],headers=[],consumes=[],produces=[],custom=[]}" onto public com.xhMall.dto.BaseResult<?> com.xhMall.controller.UserController.activate(java.lang.String,java.lang.String)
2018-10-29 22:17:54.438 [main] INFO  o.s.w.s.m.m.a.RequestMappingHandlerMapping - Mapped "{[/getVerifyCode],methods=[GET],params=[],headers=[],consumes=[],produces=[],custom=[]}" onto public com.xhMall.dto.BaseResult<?> com.xhMall.controller.UserController.getVerifyCode(javax.servlet.http.HttpServletRequest,javax.servlet.http.HttpServletResponse)
2018-10-29 22:17:54.438 [main] INFO  o.s.w.s.m.m.a.RequestMappingHandlerMapping - Mapped "{[/regist],methods=[],params=[],headers=[],consumes=[],produces=[],custom=[]}" onto public com.xhMall.dto.BaseResult<?> com.xhMall.controller.UserController.regist(javax.servlet.http.HttpServletResponse,javax.servlet.http.HttpServletRequest,com.xhMall.db.entity.UserEntity,org.springframework.validation.BindingResult)
2018-10-29 22:17:54.438 [main] INFO  o.s.w.s.m.m.a.RequestMappingHandlerMapping - Mapped "{[/mall_regist],methods=[],params=[],headers=[],consumes=[],produces=[],custom=[]}" onto public org.springframework.web.servlet.ModelAndView com.xhMall.controller.UserController.mall_regist(javax.servlet.http.HttpServletRequest,javax.servlet.http.HttpServletResponse)
2018-10-29 22:17:54.438 [main] INFO  o.s.w.s.m.m.a.RequestMappingHandlerMapping - Mapped "{[/showData],methods=[],params=[],headers=[],consumes=[],produces=[],custom=[]}" onto public com.xhMall.dto.BaseResult<?> com.xhMall.controller.UserController.showData()
2018-10-29 22:17:54.438 [main] INFO  o.s.w.s.m.m.a.RequestMappingHandlerMapping - Mapped "{[/showData1],methods=[],params=[],headers=[],consumes=[],produces=[],custom=[]}" onto public java.lang.String com.xhMall.controller.UserController.showData1()
2018-10-29 22:17:54.438 [main] INFO  o.s.w.s.m.m.a.RequestMappingHandlerMapping - Mapped "{[/fileUpLoad],methods=[],params=[],headers=[],consumes=[],produces=[],custom=[]}" onto public java.lang.String com.xhMall.controller.UserController.fileUpLoad(org.springframework.web.multipart.MultipartFile,javax.servlet.http.HttpServletRequest)
2018-10-29 22:17:54.438 [main] INFO  o.s.w.s.m.m.a.RequestMappingHandlerMapping - Mapped "{[/index],methods=[],params=[],headers=[],consumes=[],produces=[],custom=[]}" onto public java.lang.String com.xhMall.controller.UserController.testView(org.springframework.ui.Model)
2018-10-29 22:17:54.438 [main] INFO  o.s.w.s.m.m.a.RequestMappingHandlerMapping - Mapped "{[/test],methods=[],params=[],headers=[],consumes=[],produces=[],custom=[]}" onto public org.springframework.web.servlet.ModelAndView com.xhMall.controller.UserController.testView()
2018-10-29 22:17:54.438 [main] INFO  o.s.w.s.m.m.a.RequestMappingHandlerMapping - Mapped "{[/exportData],methods=[],params=[],headers=[],consumes=[],produces=[],custom=[]}" onto public org.springframework.http.ResponseEntity<byte[]> com.xhMall.controller.UserController.exportData(javax.servlet.http.HttpServletResponse)
2018-10-29 22:17:54.438 [main] INFO  o.s.w.s.m.m.a.RequestMappingHandlerMapping - Mapped "{[/login],methods=[POST],params=[],headers=[],consumes=[],produces=[],custom=[]}" onto public java.lang.String com.xhMall.controller.UserController.login(javax.servlet.http.HttpServletRequest,javax.servlet.http.HttpServletResponse,com.xhMall.db.entity.UserEntity)
2018-10-29 22:17:54.626 [main] INFO  o.s.web.servlet.handler.SimpleUrlHandlerMapping - Mapped URL path [/**] onto handler 'org.springframework.web.servlet.resource.DefaultServletHttpRequestHandler#0'
2018-10-29 22:17:54.641 [main] INFO  o.s.w.s.m.m.a.RequestMappingHandlerMapping - Mapped "{[/activate],methods=[GET],params=[],headers=[],consumes=[],produces=[],custom=[]}" onto public com.xhMall.dto.BaseResult<?> com.xhMall.controller.UserController.activate(java.lang.String,java.lang.String)
2018-10-29 22:17:54.641 [main] INFO  o.s.w.s.m.m.a.RequestMappingHandlerMapping - Mapped "{[/getVerifyCode],methods=[GET],params=[],headers=[],consumes=[],produces=[],custom=[]}" onto public com.xhMall.dto.BaseResult<?> com.xhMall.controller.UserController.getVerifyCode(javax.servlet.http.HttpServletRequest,javax.servlet.http.HttpServletResponse)
2018-10-29 22:17:54.641 [main] INFO  o.s.w.s.m.m.a.RequestMappingHandlerMapping - Mapped "{[/regist],methods=[],params=[],headers=[],consumes=[],produces=[],custom=[]}" onto public com.xhMall.dto.BaseResult<?> com.xhMall.controller.UserController.regist(javax.servlet.http.HttpServletResponse,javax.servlet.http.HttpServletRequest,com.xhMall.db.entity.UserEntity,org.springframework.validation.BindingResult)
2018-10-29 22:17:54.641 [main] INFO  o.s.w.s.m.m.a.RequestMappingHandlerMapping - Mapped "{[/mall_regist],methods=[],params=[],headers=[],consumes=[],produces=[],custom=[]}" onto public org.springframework.web.servlet.ModelAndView com.xhMall.controller.UserController.mall_regist(javax.servlet.http.HttpServletRequest,javax.servlet.http.HttpServletResponse)
2018-10-29 22:17:54.641 [main] INFO  o.s.w.s.m.m.a.RequestMappingHandlerMapping - Mapped "{[/showData],methods=[],params=[],headers=[],consumes=[],produces=[],custom=[]}" onto public com.xhMall.dto.BaseResult<?> com.xhMall.controller.UserController.showData()
2018-10-29 22:17:54.641 [main] INFO  o.s.w.s.m.m.a.RequestMappingHandlerMapping - Mapped "{[/showData1],methods=[],params=[],headers=[],consumes=[],produces=[],custom=[]}" onto public java.lang.String com.xhMall.controller.UserController.showData1()
2018-10-29 22:17:54.641 [main] INFO  o.s.w.s.m.m.a.RequestMappingHandlerMapping - Mapped "{[/fileUpLoad],methods=[],params=[],headers=[],consumes=[],produces=[],custom=[]}" onto public java.lang.String com.xhMall.controller.UserController.fileUpLoad(org.springframework.web.multipart.MultipartFile,javax.servlet.http.HttpServletRequest)
2018-10-29 22:17:54.657 [main] INFO  o.s.w.s.m.m.a.RequestMappingHandlerMapping - Mapped "{[/index],methods=[],params=[],headers=[],consumes=[],produces=[],custom=[]}" onto public java.lang.String com.xhMall.controller.UserController.testView(org.springframework.ui.Model)
2018-10-29 22:17:54.657 [main] INFO  o.s.w.s.m.m.a.RequestMappingHandlerMapping - Mapped "{[/test],methods=[],params=[],headers=[],consumes=[],produces=[],custom=[]}" onto public org.springframework.web.servlet.ModelAndView com.xhMall.controller.UserController.testView()
2018-10-29 22:17:54.657 [main] INFO  o.s.w.s.m.m.a.RequestMappingHandlerMapping - Mapped "{[/exportData],methods=[],params=[],headers=[],consumes=[],produces=[],custom=[]}" onto public org.springframework.http.ResponseEntity<byte[]> com.xhMall.controller.UserController.exportData(javax.servlet.http.HttpServletResponse)
2018-10-29 22:17:54.657 [main] INFO  o.s.w.s.m.m.a.RequestMappingHandlerMapping - Mapped "{[/login],methods=[POST],params=[],headers=[],consumes=[],produces=[],custom=[]}" onto public java.lang.String com.xhMall.controller.UserController.login(javax.servlet.http.HttpServletRequest,javax.servlet.http.HttpServletResponse,com.xhMall.db.entity.UserEntity)
2018-10-29 22:17:54.704 [main] INFO  org.apache.tiles.access.TilesAccess - Publishing TilesContext for context: org.springframework.web.servlet.view.tiles3.SpringWildcardServletTilesApplicationContext
2018-10-29 22:17:54.798 [main] INFO  org.springframework.web.servlet.DispatcherServlet - FrameworkServlet 'dispatcher': initialization completed in 532 ms
2018-10-29 22:26:00.741 [main] INFO  org.springframework.web.servlet.DispatcherServlet - FrameworkServlet 'dispatcher': initialization started
2018-10-29 22:26:00.741 [main] INFO  o.s.web.context.support.XmlWebApplicationContext - Refreshing WebApplicationContext for namespace 'dispatcher-servlet': startup date [Mon Oct 29 22:26:00 CST 2018]; parent: Root WebApplicationContext
2018-10-29 22:26:00.741 [main] INFO  o.s.beans.factory.xml.XmlBeanDefinitionReader - Loading XML bean definitions from class path resource [spring/spring-mvc.xml]
2018-10-29 22:26:00.804 [main] INFO  o.s.b.f.a.AutowiredAnnotationBeanPostProcessor - JSR-330 'javax.inject.Inject' annotation found and supported for autowiring
2018-10-29 22:26:00.813 [main] INFO  o.s.w.s.m.m.a.RequestMappingHandlerMapping - Mapped "{[/activate],methods=[GET],params=[],headers=[],consumes=[],produces=[],custom=[]}" onto public com.xhMall.dto.BaseResult<?> com.xhMall.controller.UserController.activate(java.lang.String,java.lang.String)
2018-10-29 22:26:00.813 [main] INFO  o.s.w.s.m.m.a.RequestMappingHandlerMapping - Mapped "{[/getVerifyCode],methods=[GET],params=[],headers=[],consumes=[],produces=[],custom=[]}" onto public com.xhMall.dto.BaseResult<?> com.xhMall.controller.UserController.getVerifyCode(javax.servlet.http.HttpServletRequest,javax.servlet.http.HttpServletResponse)
2018-10-29 22:26:00.813 [main] INFO  o.s.w.s.m.m.a.RequestMappingHandlerMapping - Mapped "{[/mall_regist],methods=[],params=[],headers=[],consumes=[],produces=[],custom=[]}" onto public org.springframework.web.servlet.ModelAndView com.xhMall.controller.UserController.mall_regist(javax.servlet.http.HttpServletRequest,javax.servlet.http.HttpServletResponse)
2018-10-29 22:26:00.813 [main] INFO  o.s.w.s.m.m.a.RequestMappingHandlerMapping - Mapped "{[/regist],methods=[],params=[],headers=[],consumes=[],produces=[],custom=[]}" onto public com.xhMall.dto.BaseResult<?> com.xhMall.controller.UserController.regist(javax.servlet.http.HttpServletResponse,javax.servlet.http.HttpServletRequest,com.xhMall.db.entity.UserEntity,org.springframework.validation.BindingResult)
2018-10-29 22:26:00.813 [main] INFO  o.s.w.s.m.m.a.RequestMappingHandlerMapping - Mapped "{[/login],methods=[POST],params=[],headers=[],consumes=[],produces=[],custom=[]}" onto public java.lang.String com.xhMall.controller.UserController.login(javax.servlet.http.HttpServletRequest,javax.servlet.http.HttpServletResponse,com.xhMall.db.entity.UserEntity)
2018-10-29 22:26:00.813 [main] INFO  o.s.w.s.m.m.a.RequestMappingHandlerMapping - Mapped "{[/showData1],methods=[],params=[],headers=[],consumes=[],produces=[],custom=[]}" onto public java.lang.String com.xhMall.controller.UserController.showData1()
2018-10-29 22:26:00.813 [main] INFO  o.s.w.s.m.m.a.RequestMappingHandlerMapping - Mapped "{[/exportData],methods=[],params=[],headers=[],consumes=[],produces=[],custom=[]}" onto public org.springframework.http.ResponseEntity<byte[]> com.xhMall.controller.UserController.exportData(javax.servlet.http.HttpServletResponse)
2018-10-29 22:26:00.813 [main] INFO  o.s.w.s.m.m.a.RequestMappingHandlerMapping - Mapped "{[/fileUpLoad],methods=[],params=[],headers=[],consumes=[],produces=[],custom=[]}" onto public java.lang.String com.xhMall.controller.UserController.fileUpLoad(org.springframework.web.multipart.MultipartFile,javax.servlet.http.HttpServletRequest)
2018-10-29 22:26:00.813 [main] INFO  o.s.w.s.m.m.a.RequestMappingHandlerMapping - Mapped "{[/test],methods=[],params=[],headers=[],consumes=[],produces=[],custom=[]}" onto public org.springframework.web.servlet.ModelAndView com.xhMall.controller.UserController.testView()
2018-10-29 22:26:00.813 [main] INFO  o.s.w.s.m.m.a.RequestMappingHandlerMapping - Mapped "{[/index],methods=[],params=[],headers=[],consumes=[],produces=[],custom=[]}" onto public java.lang.String com.xhMall.controller.UserController.testView(org.springframework.ui.Model)
2018-10-29 22:26:00.813 [main] INFO  o.s.w.s.m.m.a.RequestMappingHandlerMapping - Mapped "{[/showData],methods=[],params=[],headers=[],consumes=[],produces=[],custom=[]}" onto public com.xhMall.dto.BaseResult<?> com.xhMall.controller.UserController.showData()
2018-10-29 22:26:00.891 [main] INFO  o.s.web.servlet.handler.SimpleUrlHandlerMapping - Mapped URL path [/**] onto handler 'org.springframework.web.servlet.resource.DefaultServletHttpRequestHandler#0'
2018-10-29 22:26:00.907 [main] INFO  o.s.w.s.m.m.a.RequestMappingHandlerMapping - Mapped "{[/activate],methods=[GET],params=[],headers=[],consumes=[],produces=[],custom=[]}" onto public com.xhMall.dto.BaseResult<?> com.xhMall.controller.UserController.activate(java.lang.String,java.lang.String)
2018-10-29 22:26:00.907 [main] INFO  o.s.w.s.m.m.a.RequestMappingHandlerMapping - Mapped "{[/getVerifyCode],methods=[GET],params=[],headers=[],consumes=[],produces=[],custom=[]}" onto public com.xhMall.dto.BaseResult<?> com.xhMall.controller.UserController.getVerifyCode(javax.servlet.http.HttpServletRequest,javax.servlet.http.HttpServletResponse)
2018-10-29 22:26:00.907 [main] INFO  o.s.w.s.m.m.a.RequestMappingHandlerMapping - Mapped "{[/mall_regist],methods=[],params=[],headers=[],consumes=[],produces=[],custom=[]}" onto public org.springframework.web.servlet.ModelAndView com.xhMall.controller.UserController.mall_regist(javax.servlet.http.HttpServletRequest,javax.servlet.http.HttpServletResponse)
2018-10-29 22:26:00.907 [main] INFO  o.s.w.s.m.m.a.RequestMappingHandlerMapping - Mapped "{[/regist],methods=[],params=[],headers=[],consumes=[],produces=[],custom=[]}" onto public com.xhMall.dto.BaseResult<?> com.xhMall.controller.UserController.regist(javax.servlet.http.HttpServletResponse,javax.servlet.http.HttpServletRequest,com.xhMall.db.entity.UserEntity,org.springframework.validation.BindingResult)
2018-10-29 22:26:00.907 [main] INFO  o.s.w.s.m.m.a.RequestMappingHandlerMapping - Mapped "{[/login],methods=[POST],params=[],headers=[],consumes=[],produces=[],custom=[]}" onto public java.lang.String com.xhMall.controller.UserController.login(javax.servlet.http.HttpServletRequest,javax.servlet.http.HttpServletResponse,com.xhMall.db.entity.UserEntity)
2018-10-29 22:26:00.907 [main] INFO  o.s.w.s.m.m.a.RequestMappingHandlerMapping - Mapped "{[/showData1],methods=[],params=[],headers=[],consumes=[],produces=[],custom=[]}" onto public java.lang.String com.xhMall.controller.UserController.showData1()
2018-10-29 22:26:00.907 [main] INFO  o.s.w.s.m.m.a.RequestMappingHandlerMapping - Mapped "{[/exportData],methods=[],params=[],headers=[],consumes=[],produces=[],custom=[]}" onto public org.springframework.http.ResponseEntity<byte[]> com.xhMall.controller.UserController.exportData(javax.servlet.http.HttpServletResponse)
2018-10-29 22:26:00.907 [main] INFO  o.s.w.s.m.m.a.RequestMappingHandlerMapping - Mapped "{[/fileUpLoad],methods=[],params=[],headers=[],consumes=[],produces=[],custom=[]}" onto public java.lang.String com.xhMall.controller.UserController.fileUpLoad(org.springframework.web.multipart.MultipartFile,javax.servlet.http.HttpServletRequest)
2018-10-29 22:26:00.907 [main] INFO  o.s.w.s.m.m.a.RequestMappingHandlerMapping - Mapped "{[/test],methods=[],params=[],headers=[],consumes=[],produces=[],custom=[]}" onto public org.springframework.web.servlet.ModelAndView com.xhMall.controller.UserController.testView()
2018-10-29 22:26:00.907 [main] INFO  o.s.w.s.m.m.a.RequestMappingHandlerMapping - Mapped "{[/index],methods=[],params=[],headers=[],consumes=[],produces=[],custom=[]}" onto public java.lang.String com.xhMall.controller.UserController.testView(org.springframework.ui.Model)
2018-10-29 22:26:00.907 [main] INFO  o.s.w.s.m.m.a.RequestMappingHandlerMapping - Mapped "{[/showData],methods=[],params=[],headers=[],consumes=[],produces=[],custom=[]}" onto public com.xhMall.dto.BaseResult<?> com.xhMall.controller.UserController.showData()
2018-10-29 22:26:00.923 [main] INFO  org.apache.tiles.access.TilesAccess - Publishing TilesContext for context: org.springframework.web.servlet.view.tiles3.SpringWildcardServletTilesApplicationContext
2018-10-29 22:26:00.954 [main] INFO  org.springframework.web.servlet.DispatcherServlet - FrameworkServlet 'dispatcher': initialization completed in 213 ms
2018-10-29 22:31:48.755 [main] INFO  org.springframework.web.servlet.DispatcherServlet - FrameworkServlet 'dispatcher': initialization started
2018-10-29 22:31:48.755 [main] INFO  o.s.web.context.support.XmlWebApplicationContext - Refreshing WebApplicationContext for namespace 'dispatcher-servlet': startup date [Mon Oct 29 22:31:48 CST 2018]; parent: Root WebApplicationContext
2018-10-29 22:31:48.755 [main] INFO  o.s.beans.factory.xml.XmlBeanDefinitionReader - Loading XML bean definitions from class path resource [spring/spring-mvc.xml]
2018-10-29 22:31:48.817 [main] INFO  o.s.b.f.a.AutowiredAnnotationBeanPostProcessor - JSR-330 'javax.inject.Inject' annotation found and supported for autowiring
2018-10-29 22:31:48.833 [main] INFO  o.s.w.s.m.m.a.RequestMappingHandlerMapping - Mapped "{[/getVerifyCode],methods=[GET],params=[],headers=[],consumes=[],produces=[],custom=[]}" onto public com.xhMall.dto.BaseResult<?> com.xhMall.controller.UserController.getVerifyCode(javax.servlet.http.HttpServletRequest,javax.servlet.http.HttpServletResponse)
2018-10-29 22:31:48.833 [main] INFO  o.s.w.s.m.m.a.RequestMappingHandlerMapping - Mapped "{[/mall_regist],methods=[],params=[],headers=[],consumes=[],produces=[],custom=[]}" onto public org.springframework.web.servlet.ModelAndView com.xhMall.controller.UserController.mall_regist(javax.servlet.http.HttpServletRequest,javax.servlet.http.HttpServletResponse)
2018-10-29 22:31:48.833 [main] INFO  o.s.w.s.m.m.a.RequestMappingHandlerMapping - Mapped "{[/regist],methods=[],params=[],headers=[],consumes=[],produces=[],custom=[]}" onto public com.xhMall.dto.BaseResult<?> com.xhMall.controller.UserController.regist(javax.servlet.http.HttpServletResponse,javax.servlet.http.HttpServletRequest,com.xhMall.db.entity.UserEntity,org.springframework.validation.BindingResult)
2018-10-29 22:31:48.833 [main] INFO  o.s.w.s.m.m.a.RequestMappingHandlerMapping - Mapped "{[/index],methods=[],params=[],headers=[],consumes=[],produces=[],custom=[]}" onto public java.lang.String com.xhMall.controller.UserController.testView(org.springframework.ui.Model)
2018-10-29 22:31:48.833 [main] INFO  o.s.w.s.m.m.a.RequestMappingHandlerMapping - Mapped "{[/test],methods=[],params=[],headers=[],consumes=[],produces=[],custom=[]}" onto public org.springframework.web.servlet.ModelAndView com.xhMall.controller.UserController.testView()
2018-10-29 22:31:48.833 [main] INFO  o.s.w.s.m.m.a.RequestMappingHandlerMapping - Mapped "{[/showData1],methods=[],params=[],headers=[],consumes=[],produces=[],custom=[]}" onto public java.lang.String com.xhMall.controller.UserController.showData1()
2018-10-29 22:31:48.833 [main] INFO  o.s.w.s.m.m.a.RequestMappingHandlerMapping - Mapped "{[/showData],methods=[],params=[],headers=[],consumes=[],produces=[],custom=[]}" onto public com.xhMall.dto.BaseResult<?> com.xhMall.controller.UserController.showData()
2018-10-29 22:31:48.833 [main] INFO  o.s.w.s.m.m.a.RequestMappingHandlerMapping - Mapped "{[/fileUpLoad],methods=[],params=[],headers=[],consumes=[],produces=[],custom=[]}" onto public java.lang.String com.xhMall.controller.UserController.fileUpLoad(org.springframework.web.multipart.MultipartFile,javax.servlet.http.HttpServletRequest)
2018-10-29 22:31:48.833 [main] INFO  o.s.w.s.m.m.a.RequestMappingHandlerMapping - Mapped "{[/exportData],methods=[],params=[],headers=[],consumes=[],produces=[],custom=[]}" onto public org.springframework.http.ResponseEntity<byte[]> com.xhMall.controller.UserController.exportData(javax.servlet.http.HttpServletResponse)
2018-10-29 22:31:48.833 [main] INFO  o.s.w.s.m.m.a.RequestMappingHandlerMapping - Mapped "{[/login],methods=[POST],params=[],headers=[],consumes=[],produces=[],custom=[]}" onto public java.lang.String com.xhMall.controller.UserController.login(javax.servlet.http.HttpServletRequest,javax.servlet.http.HttpServletResponse,com.xhMall.db.entity.UserEntity)
2018-10-29 22:31:48.833 [main] INFO  o.s.w.s.m.m.a.RequestMappingHandlerMapping - Mapped "{[/activate],methods=[GET],params=[],headers=[],consumes=[],produces=[],custom=[]}" onto public com.xhMall.dto.BaseResult<?> com.xhMall.controller.UserController.activate(java.lang.String,java.lang.String)
2018-10-29 22:31:48.911 [main] INFO  o.s.web.servlet.handler.SimpleUrlHandlerMapping - Mapped URL path [/**] onto handler 'org.springframework.web.servlet.resource.DefaultServletHttpRequestHandler#0'
2018-10-29 22:31:48.911 [main] INFO  o.s.w.s.m.m.a.RequestMappingHandlerMapping - Mapped "{[/getVerifyCode],methods=[GET],params=[],headers=[],consumes=[],produces=[],custom=[]}" onto public com.xhMall.dto.BaseResult<?> com.xhMall.controller.UserController.getVerifyCode(javax.servlet.http.HttpServletRequest,javax.servlet.http.HttpServletResponse)
2018-10-29 22:31:48.911 [main] INFO  o.s.w.s.m.m.a.RequestMappingHandlerMapping - Mapped "{[/mall_regist],methods=[],params=[],headers=[],consumes=[],produces=[],custom=[]}" onto public org.springframework.web.servlet.ModelAndView com.xhMall.controller.UserController.mall_regist(javax.servlet.http.HttpServletRequest,javax.servlet.http.HttpServletResponse)
2018-10-29 22:31:48.911 [main] INFO  o.s.w.s.m.m.a.RequestMappingHandlerMapping - Mapped "{[/regist],methods=[],params=[],headers=[],consumes=[],produces=[],custom=[]}" onto public com.xhMall.dto.BaseResult<?> com.xhMall.controller.UserController.regist(javax.servlet.http.HttpServletResponse,javax.servlet.http.HttpServletRequest,com.xhMall.db.entity.UserEntity,org.springframework.validation.BindingResult)
2018-10-29 22:31:48.911 [main] INFO  o.s.w.s.m.m.a.RequestMappingHandlerMapping - Mapped "{[/index],methods=[],params=[],headers=[],consumes=[],produces=[],custom=[]}" onto public java.lang.String com.xhMall.controller.UserController.testView(org.springframework.ui.Model)
2018-10-29 22:31:48.911 [main] INFO  o.s.w.s.m.m.a.RequestMappingHandlerMapping - Mapped "{[/test],methods=[],params=[],headers=[],consumes=[],produces=[],custom=[]}" onto public org.springframework.web.servlet.ModelAndView com.xhMall.controller.UserController.testView()
2018-10-29 22:31:48.911 [main] INFO  o.s.w.s.m.m.a.RequestMappingHandlerMapping - Mapped "{[/showData1],methods=[],params=[],headers=[],consumes=[],produces=[],custom=[]}" onto public java.lang.String com.xhMall.controller.UserController.showData1()
2018-10-29 22:31:48.911 [main] INFO  o.s.w.s.m.m.a.RequestMappingHandlerMapping - Mapped "{[/showData],methods=[],params=[],headers=[],consumes=[],produces=[],custom=[]}" onto public com.xhMall.dto.BaseResult<?> com.xhMall.controller.UserController.showData()
2018-10-29 22:31:48.911 [main] INFO  o.s.w.s.m.m.a.RequestMappingHandlerMapping - Mapped "{[/fileUpLoad],methods=[],params=[],headers=[],consumes=[],produces=[],custom=[]}" onto public java.lang.String com.xhMall.controller.UserController.fileUpLoad(org.springframework.web.multipart.MultipartFile,javax.servlet.http.HttpServletRequest)
2018-10-29 22:31:48.911 [main] INFO  o.s.w.s.m.m.a.RequestMappingHandlerMapping - Mapped "{[/exportData],methods=[],params=[],headers=[],consumes=[],produces=[],custom=[]}" onto public org.springframework.http.ResponseEntity<byte[]> com.xhMall.controller.UserController.exportData(javax.servlet.http.HttpServletResponse)
2018-10-29 22:31:48.911 [main] INFO  o.s.w.s.m.m.a.RequestMappingHandlerMapping - Mapped "{[/login],methods=[POST],params=[],headers=[],consumes=[],produces=[],custom=[]}" onto public java.lang.String com.xhMall.controller.UserController.login(javax.servlet.http.HttpServletRequest,javax.servlet.http.HttpServletResponse,com.xhMall.db.entity.UserEntity)
2018-10-29 22:31:48.911 [main] INFO  o.s.w.s.m.m.a.RequestMappingHandlerMapping - Mapped "{[/activate],methods=[GET],params=[],headers=[],consumes=[],produces=[],custom=[]}" onto public com.xhMall.dto.BaseResult<?> com.xhMall.controller.UserController.activate(java.lang.String,java.lang.String)
2018-10-29 22:31:48.926 [main] INFO  org.apache.tiles.access.TilesAccess - Publishing TilesContext for context: org.springframework.web.servlet.view.tiles3.SpringWildcardServletTilesApplicationContext
2018-10-29 22:31:48.958 [main] INFO  org.springframework.web.servlet.DispatcherServlet - FrameworkServlet 'dispatcher': initialization completed in 203 ms
2018-10-29 22:50:38.381 [main] INFO  org.springframework.web.servlet.DispatcherServlet - FrameworkServlet 'dispatcher': initialization started
2018-10-29 22:50:38.381 [main] INFO  o.s.web.context.support.XmlWebApplicationContext - Refreshing WebApplicationContext for namespace 'dispatcher-servlet': startup date [Mon Oct 29 22:50:38 CST 2018]; parent: Root WebApplicationContext
2018-10-29 22:50:38.381 [main] INFO  o.s.beans.factory.xml.XmlBeanDefinitionReader - Loading XML bean definitions from class path resource [spring/spring-mvc.xml]
2018-10-29 22:50:38.444 [main] INFO  o.s.b.f.a.AutowiredAnnotationBeanPostProcessor - JSR-330 'javax.inject.Inject' annotation found and supported for autowiring
2018-10-29 22:50:38.459 [main] INFO  o.s.w.s.m.m.a.RequestMappingHandlerMapping - Mapped "{[/activate],methods=[GET],params=[],headers=[],consumes=[],produces=[],custom=[]}" onto public com.xhMall.dto.BaseResult<?> com.xhMall.controller.UserController.activate(java.lang.String,java.lang.String)
2018-10-29 22:50:38.459 [main] INFO  o.s.w.s.m.m.a.RequestMappingHandlerMapping - Mapped "{[/getVerifyCode],methods=[GET],params=[],headers=[],consumes=[],produces=[],custom=[]}" onto public com.xhMall.dto.BaseResult<?> com.xhMall.controller.UserController.getVerifyCode(javax.servlet.http.HttpServletRequest,javax.servlet.http.HttpServletResponse)
2018-10-29 22:50:38.459 [main] INFO  o.s.w.s.m.m.a.RequestMappingHandlerMapping - Mapped "{[/test],methods=[],params=[],headers=[],consumes=[],produces=[],custom=[]}" onto public org.springframework.web.servlet.ModelAndView com.xhMall.controller.UserController.testView()
2018-10-29 22:50:38.459 [main] INFO  o.s.w.s.m.m.a.RequestMappingHandlerMapping - Mapped "{[/index],methods=[],params=[],headers=[],consumes=[],produces=[],custom=[]}" onto public java.lang.String com.xhMall.controller.UserController.testView(org.springframework.ui.Model)
2018-10-29 22:50:38.459 [main] INFO  o.s.w.s.m.m.a.RequestMappingHandlerMapping - Mapped "{[/fileUpLoad],methods=[],params=[],headers=[],consumes=[],produces=[],custom=[]}" onto public java.lang.String com.xhMall.controller.UserController.fileUpLoad(org.springframework.web.multipart.MultipartFile,javax.servlet.http.HttpServletRequest)
2018-10-29 22:50:38.459 [main] INFO  o.s.w.s.m.m.a.RequestMappingHandlerMapping - Mapped "{[/mall_regist],methods=[],params=[],headers=[],consumes=[],produces=[],custom=[]}" onto public org.springframework.web.servlet.ModelAndView com.xhMall.controller.UserController.mall_regist(javax.servlet.http.HttpServletRequest,javax.servlet.http.HttpServletResponse)
2018-10-29 22:50:38.459 [main] INFO  o.s.w.s.m.m.a.RequestMappingHandlerMapping - Mapped "{[/showData],methods=[],params=[],headers=[],consumes=[],produces=[],custom=[]}" onto public com.xhMall.dto.BaseResult<?> com.xhMall.controller.UserController.showData()
2018-10-29 22:50:38.459 [main] INFO  o.s.w.s.m.m.a.RequestMappingHandlerMapping - Mapped "{[/showData1],methods=[],params=[],headers=[],consumes=[],produces=[],custom=[]}" onto public java.lang.String com.xhMall.controller.UserController.showData1()
2018-10-29 22:50:38.459 [main] INFO  o.s.w.s.m.m.a.RequestMappingHandlerMapping - Mapped "{[/exportData],methods=[],params=[],headers=[],consumes=[],produces=[],custom=[]}" onto public org.springframework.http.ResponseEntity<byte[]> com.xhMall.controller.UserController.exportData(javax.servlet.http.HttpServletResponse)
2018-10-29 22:50:38.459 [main] INFO  o.s.w.s.m.m.a.RequestMappingHandlerMapping - Mapped "{[/regist],methods=[],params=[],headers=[],consumes=[],produces=[],custom=[]}" onto public com.xhMall.dto.BaseResult<?> com.xhMall.controller.UserController.regist(javax.servlet.http.HttpServletResponse,javax.servlet.http.HttpServletRequest,com.xhMall.db.entity.UserEntity,org.springframework.validation.BindingResult)
2018-10-29 22:50:38.459 [main] INFO  o.s.w.s.m.m.a.RequestMappingHandlerMapping - Mapped "{[/login],methods=[POST],params=[],headers=[],consumes=[],produces=[],custom=[]}" onto public java.lang.String com.xhMall.controller.UserController.login(javax.servlet.http.HttpServletRequest,javax.servlet.http.HttpServletResponse,com.xhMall.db.entity.UserEntity)
2018-10-29 22:50:38.538 [main] INFO  o.s.web.servlet.handler.SimpleUrlHandlerMapping - Mapped URL path [/**] onto handler 'org.springframework.web.servlet.resource.DefaultServletHttpRequestHandler#0'
2018-10-29 22:50:38.538 [main] INFO  o.s.w.s.m.m.a.RequestMappingHandlerMapping - Mapped "{[/activate],methods=[GET],params=[],headers=[],consumes=[],produces=[],custom=[]}" onto public com.xhMall.dto.BaseResult<?> com.xhMall.controller.UserController.activate(java.lang.String,java.lang.String)
2018-10-29 22:50:38.538 [main] INFO  o.s.w.s.m.m.a.RequestMappingHandlerMapping - Mapped "{[/getVerifyCode],methods=[GET],params=[],headers=[],consumes=[],produces=[],custom=[]}" onto public com.xhMall.dto.BaseResult<?> com.xhMall.controller.UserController.getVerifyCode(javax.servlet.http.HttpServletRequest,javax.servlet.http.HttpServletResponse)
2018-10-29 22:50:38.538 [main] INFO  o.s.w.s.m.m.a.RequestMappingHandlerMapping - Mapped "{[/test],methods=[],params=[],headers=[],consumes=[],produces=[],custom=[]}" onto public org.springframework.web.servlet.ModelAndView com.xhMall.controller.UserController.testView()
2018-10-29 22:50:38.538 [main] INFO  o.s.w.s.m.m.a.RequestMappingHandlerMapping - Mapped "{[/index],methods=[],params=[],headers=[],consumes=[],produces=[],custom=[]}" onto public java.lang.String com.xhMall.controller.UserController.testView(org.springframework.ui.Model)
2018-10-29 22:50:38.538 [main] INFO  o.s.w.s.m.m.a.RequestMappingHandlerMapping - Mapped "{[/fileUpLoad],methods=[],params=[],headers=[],consumes=[],produces=[],custom=[]}" onto public java.lang.String com.xhMall.controller.UserController.fileUpLoad(org.springframework.web.multipart.MultipartFile,javax.servlet.http.HttpServletRequest)
2018-10-29 22:50:38.538 [main] INFO  o.s.w.s.m.m.a.RequestMappingHandlerMapping - Mapped "{[/mall_regist],methods=[],params=[],headers=[],consumes=[],produces=[],custom=[]}" onto public org.springframework.web.servlet.ModelAndView com.xhMall.controller.UserController.mall_regist(javax.servlet.http.HttpServletRequest,javax.servlet.http.HttpServletResponse)
2018-10-29 22:50:38.538 [main] INFO  o.s.w.s.m.m.a.RequestMappingHandlerMapping - Mapped "{[/showData],methods=[],params=[],headers=[],consumes=[],produces=[],custom=[]}" onto public com.xhMall.dto.BaseResult<?> com.xhMall.controller.UserController.showData()
2018-10-29 22:50:38.538 [main] INFO  o.s.w.s.m.m.a.RequestMappingHandlerMapping - Mapped "{[/showData1],methods=[],params=[],headers=[],consumes=[],produces=[],custom=[]}" onto public java.lang.String com.xhMall.controller.UserController.showData1()
2018-10-29 22:50:38.538 [main] INFO  o.s.w.s.m.m.a.RequestMappingHandlerMapping - Mapped "{[/exportData],methods=[],params=[],headers=[],consumes=[],produces=[],custom=[]}" onto public org.springframework.http.ResponseEntity<byte[]> com.xhMall.controller.UserController.exportData(javax.servlet.http.HttpServletResponse)
2018-10-29 22:50:38.538 [main] INFO  o.s.w.s.m.m.a.RequestMappingHandlerMapping - Mapped "{[/regist],methods=[],params=[],headers=[],consumes=[],produces=[],custom=[]}" onto public com.xhMall.dto.BaseResult<?> com.xhMall.controller.UserController.regist(javax.servlet.http.HttpServletResponse,javax.servlet.http.HttpServletRequest,com.xhMall.db.entity.UserEntity,org.springframework.validation.BindingResult)
2018-10-29 22:50:38.538 [main] INFO  o.s.w.s.m.m.a.RequestMappingHandlerMapping - Mapped "{[/login],methods=[POST],params=[],headers=[],consumes=[],produces=[],custom=[]}" onto public java.lang.String com.xhMall.controller.UserController.login(javax.servlet.http.HttpServletRequest,javax.servlet.http.HttpServletResponse,com.xhMall.db.entity.UserEntity)
2018-10-29 22:50:38.553 [main] INFO  org.apache.tiles.access.TilesAccess - Publishing TilesContext for context: org.springframework.web.servlet.view.tiles3.SpringWildcardServletTilesApplicationContext
2018-10-29 22:50:38.600 [main] INFO  org.springframework.web.servlet.DispatcherServlet - FrameworkServlet 'dispatcher': initialization completed in 219 ms
2018-10-29 23:00:06.165 [main] INFO  org.springframework.web.servlet.DispatcherServlet - FrameworkServlet 'dispatcher': initialization started
2018-10-29 23:00:06.165 [main] INFO  o.s.web.context.support.XmlWebApplicationContext - Refreshing WebApplicationContext for namespace 'dispatcher-servlet': startup date [Mon Oct 29 23:00:06 CST 2018]; parent: Root WebApplicationContext
2018-10-29 23:00:06.165 [main] INFO  o.s.beans.factory.xml.XmlBeanDefinitionReader - Loading XML bean definitions from class path resource [spring/spring-mvc.xml]
2018-10-29 23:00:06.222 [main] INFO  o.s.b.f.a.AutowiredAnnotationBeanPostProcessor - JSR-330 'javax.inject.Inject' annotation found and supported for autowiring
2018-10-29 23:00:06.238 [main] INFO  o.s.w.s.m.m.a.RequestMappingHandlerMapping - Mapped "{[/activate],methods=[GET],params=[],headers=[],consumes=[],produces=[],custom=[]}" onto public com.xhMall.dto.BaseResult<?> com.xhMall.controller.UserController.activate(java.lang.String,java.lang.String)
2018-10-29 23:00:06.238 [main] INFO  o.s.w.s.m.m.a.RequestMappingHandlerMapping - Mapped "{[/getVerifyCode],methods=[GET],params=[],headers=[],consumes=[],produces=[],custom=[]}" onto public com.xhMall.dto.BaseResult<?> com.xhMall.controller.UserController.getVerifyCode(javax.servlet.http.HttpServletRequest,javax.servlet.http.HttpServletResponse)
2018-10-29 23:00:06.238 [main] INFO  o.s.w.s.m.m.a.RequestMappingHandlerMapping - Mapped "{[/index],methods=[],params=[],headers=[],consumes=[],produces=[],custom=[]}" onto public java.lang.String com.xhMall.controller.UserController.testView(org.springframework.ui.Model)
2018-10-29 23:00:06.238 [main] INFO  o.s.w.s.m.m.a.RequestMappingHandlerMapping - Mapped "{[/test],methods=[],params=[],headers=[],consumes=[],produces=[],custom=[]}" onto public org.springframework.web.servlet.ModelAndView com.xhMall.controller.UserController.testView()
2018-10-29 23:00:06.238 [main] INFO  o.s.w.s.m.m.a.RequestMappingHandlerMapping - Mapped "{[/fileUpLoad],methods=[],params=[],headers=[],consumes=[],produces=[],custom=[]}" onto public java.lang.String com.xhMall.controller.UserController.fileUpLoad(org.springframework.web.multipart.MultipartFile,javax.servlet.http.HttpServletRequest)
2018-10-29 23:00:06.238 [main] INFO  o.s.w.s.m.m.a.RequestMappingHandlerMapping - Mapped "{[/mall_regist],methods=[],params=[],headers=[],consumes=[],produces=[],custom=[]}" onto public org.springframework.web.servlet.ModelAndView com.xhMall.controller.UserController.mall_regist(javax.servlet.http.HttpServletRequest,javax.servlet.http.HttpServletResponse)
2018-10-29 23:00:06.238 [main] INFO  o.s.w.s.m.m.a.RequestMappingHandlerMapping - Mapped "{[/showData],methods=[],params=[],headers=[],consumes=[],produces=[],custom=[]}" onto public com.xhMall.dto.BaseResult<?> com.xhMall.controller.UserController.showData()
2018-10-29 23:00:06.238 [main] INFO  o.s.w.s.m.m.a.RequestMappingHandlerMapping - Mapped "{[/exportData],methods=[],params=[],headers=[],consumes=[],produces=[],custom=[]}" onto public org.springframework.http.ResponseEntity<byte[]> com.xhMall.controller.UserController.exportData(javax.servlet.http.HttpServletResponse)
2018-10-29 23:00:06.238 [main] INFO  o.s.w.s.m.m.a.RequestMappingHandlerMapping - Mapped "{[/showData1],methods=[],params=[],headers=[],consumes=[],produces=[],custom=[]}" onto public java.lang.String com.xhMall.controller.UserController.showData1()
2018-10-29 23:00:06.238 [main] INFO  o.s.w.s.m.m.a.RequestMappingHandlerMapping - Mapped "{[/regist],methods=[],params=[],headers=[],consumes=[],produces=[],custom=[]}" onto public com.xhMall.dto.BaseResult<?> com.xhMall.controller.UserController.regist(javax.servlet.http.HttpServletResponse,javax.servlet.http.HttpServletRequest,com.xhMall.db.entity.UserEntity,org.springframework.validation.BindingResult)
2018-10-29 23:00:06.238 [main] INFO  o.s.w.s.m.m.a.RequestMappingHandlerMapping - Mapped "{[/login],methods=[POST],params=[],headers=[],consumes=[],produces=[],custom=[]}" onto public java.lang.String com.xhMall.controller.UserController.login(javax.servlet.http.HttpServletRequest,javax.servlet.http.HttpServletResponse,com.xhMall.db.entity.UserEntity)
2018-10-29 23:00:06.331 [main] INFO  o.s.web.servlet.handler.SimpleUrlHandlerMapping - Mapped URL path [/**] onto handler 'org.springframework.web.servlet.resource.DefaultServletHttpRequestHandler#0'
2018-10-29 23:00:06.331 [main] INFO  o.s.w.s.m.m.a.RequestMappingHandlerMapping - Mapped "{[/activate],methods=[GET],params=[],headers=[],consumes=[],produces=[],custom=[]}" onto public com.xhMall.dto.BaseResult<?> com.xhMall.controller.UserController.activate(java.lang.String,java.lang.String)
2018-10-29 23:00:06.347 [main] INFO  o.s.w.s.m.m.a.RequestMappingHandlerMapping - Mapped "{[/getVerifyCode],methods=[GET],params=[],headers=[],consumes=[],produces=[],custom=[]}" onto public com.xhMall.dto.BaseResult<?> com.xhMall.controller.UserController.getVerifyCode(javax.servlet.http.HttpServletRequest,javax.servlet.http.HttpServletResponse)
2018-10-29 23:00:06.347 [main] INFO  o.s.w.s.m.m.a.RequestMappingHandlerMapping - Mapped "{[/index],methods=[],params=[],headers=[],consumes=[],produces=[],custom=[]}" onto public java.lang.String com.xhMall.controller.UserController.testView(org.springframework.ui.Model)
2018-10-29 23:00:06.347 [main] INFO  o.s.w.s.m.m.a.RequestMappingHandlerMapping - Mapped "{[/test],methods=[],params=[],headers=[],consumes=[],produces=[],custom=[]}" onto public org.springframework.web.servlet.ModelAndView com.xhMall.controller.UserController.testView()
2018-10-29 23:00:06.347 [main] INFO  o.s.w.s.m.m.a.RequestMappingHandlerMapping - Mapped "{[/fileUpLoad],methods=[],params=[],headers=[],consumes=[],produces=[],custom=[]}" onto public java.lang.String com.xhMall.controller.UserController.fileUpLoad(org.springframework.web.multipart.MultipartFile,javax.servlet.http.HttpServletRequest)
2018-10-29 23:00:06.347 [main] INFO  o.s.w.s.m.m.a.RequestMappingHandlerMapping - Mapped "{[/mall_regist],methods=[],params=[],headers=[],consumes=[],produces=[],custom=[]}" onto public org.springframework.web.servlet.ModelAndView com.xhMall.controller.UserController.mall_regist(javax.servlet.http.HttpServletRequest,javax.servlet.http.HttpServletResponse)
2018-10-29 23:00:06.347 [main] INFO  o.s.w.s.m.m.a.RequestMappingHandlerMapping - Mapped "{[/showData],methods=[],params=[],headers=[],consumes=[],produces=[],custom=[]}" onto public com.xhMall.dto.BaseResult<?> com.xhMall.controller.UserController.showData()
2018-10-29 23:00:06.347 [main] INFO  o.s.w.s.m.m.a.RequestMappingHandlerMapping - Mapped "{[/exportData],methods=[],params=[],headers=[],consumes=[],produces=[],custom=[]}" onto public org.springframework.http.ResponseEntity<byte[]> com.xhMall.controller.UserController.exportData(javax.servlet.http.HttpServletResponse)
2018-10-29 23:00:06.347 [main] INFO  o.s.w.s.m.m.a.RequestMappingHandlerMapping - Mapped "{[/showData1],methods=[],params=[],headers=[],consumes=[],produces=[],custom=[]}" onto public java.lang.String com.xhMall.controller.UserController.showData1()
2018-10-29 23:00:06.347 [main] INFO  o.s.w.s.m.m.a.RequestMappingHandlerMapping - Mapped "{[/regist],methods=[],params=[],headers=[],consumes=[],produces=[],custom=[]}" onto public com.xhMall.dto.BaseResult<?> com.xhMall.controller.UserController.regist(javax.servlet.http.HttpServletResponse,javax.servlet.http.HttpServletRequest,com.xhMall.db.entity.UserEntity,org.springframework.validation.BindingResult)
2018-10-29 23:00:06.347 [main] INFO  o.s.w.s.m.m.a.RequestMappingHandlerMapping - Mapped "{[/login],methods=[POST],params=[],headers=[],consumes=[],produces=[],custom=[]}" onto public java.lang.String com.xhMall.controller.UserController.login(javax.servlet.http.HttpServletRequest,javax.servlet.http.HttpServletResponse,com.xhMall.db.entity.UserEntity)
2018-10-29 23:00:06.368 [main] INFO  org.apache.tiles.access.TilesAccess - Publishing TilesContext for context: org.springframework.web.servlet.view.tiles3.SpringWildcardServletTilesApplicationContext
2018-10-29 23:00:06.412 [main] INFO  org.springframework.web.servlet.DispatcherServlet - FrameworkServlet 'dispatcher': initialization completed in 247 ms
2018-10-29 23:03:47.605 [main] INFO  org.springframework.web.servlet.DispatcherServlet - FrameworkServlet 'dispatcher': initialization started
2018-10-29 23:03:47.614 [main] INFO  o.s.web.context.support.XmlWebApplicationContext - Refreshing WebApplicationContext for namespace 'dispatcher-servlet': startup date [Mon Oct 29 23:03:47 CST 2018]; parent: Root WebApplicationContext
2018-10-29 23:03:47.615 [main] INFO  o.s.beans.factory.xml.XmlBeanDefinitionReader - Loading XML bean definitions from class path resource [spring/spring-mvc.xml]
2018-10-29 23:03:47.705 [main] INFO  o.s.b.f.a.AutowiredAnnotationBeanPostProcessor - JSR-330 'javax.inject.Inject' annotation found and supported for autowiring
2018-10-29 23:03:47.721 [main] INFO  o.s.w.s.m.m.a.RequestMappingHandlerMapping - Mapped "{[/activate],methods=[GET],params=[],headers=[],consumes=[],produces=[],custom=[]}" onto public com.xhMall.dto.BaseResult<?> com.xhMall.controller.UserController.activate(java.lang.String,java.lang.String)
2018-10-29 23:03:47.721 [main] INFO  o.s.w.s.m.m.a.RequestMappingHandlerMapping - Mapped "{[/login],methods=[POST],params=[],headers=[],consumes=[],produces=[],custom=[]}" onto public java.lang.String com.xhMall.controller.UserController.login(javax.servlet.http.HttpServletRequest,javax.servlet.http.HttpServletResponse,com.xhMall.db.entity.UserEntity)
2018-10-29 23:03:47.721 [main] INFO  o.s.w.s.m.m.a.RequestMappingHandlerMapping - Mapped "{[/getVerifyCode],methods=[GET],params=[],headers=[],consumes=[],produces=[],custom=[]}" onto public com.xhMall.dto.BaseResult<?> com.xhMall.controller.UserController.getVerifyCode(javax.servlet.http.HttpServletRequest,javax.servlet.http.HttpServletResponse)
2018-10-29 23:03:47.721 [main] INFO  o.s.w.s.m.m.a.RequestMappingHandlerMapping - Mapped "{[/mall_regist],methods=[],params=[],headers=[],consumes=[],produces=[],custom=[]}" onto public org.springframework.web.servlet.ModelAndView com.xhMall.controller.UserController.mall_regist(javax.servlet.http.HttpServletRequest,javax.servlet.http.HttpServletResponse)
2018-10-29 23:03:47.721 [main] INFO  o.s.w.s.m.m.a.RequestMappingHandlerMapping - Mapped "{[/regist],methods=[],params=[],headers=[],consumes=[],produces=[],custom=[]}" onto public com.xhMall.dto.BaseResult<?> com.xhMall.controller.UserController.regist(javax.servlet.http.HttpServletResponse,javax.servlet.http.HttpServletRequest,com.xhMall.db.entity.UserEntity,org.springframework.validation.BindingResult)
2018-10-29 23:03:47.721 [main] INFO  o.s.w.s.m.m.a.RequestMappingHandlerMapping - Mapped "{[/showData],methods=[],params=[],headers=[],consumes=[],produces=[],custom=[]}" onto public com.xhMall.dto.BaseResult<?> com.xhMall.controller.UserController.showData()
2018-10-29 23:03:47.722 [main] INFO  o.s.w.s.m.m.a.RequestMappingHandlerMapping - Mapped "{[/showData1],methods=[],params=[],headers=[],consumes=[],produces=[],custom=[]}" onto public java.lang.String com.xhMall.controller.UserController.showData1()
2018-10-29 23:03:47.722 [main] INFO  o.s.w.s.m.m.a.RequestMappingHandlerMapping - Mapped "{[/test],methods=[],params=[],headers=[],consumes=[],produces=[],custom=[]}" onto public org.springframework.web.servlet.ModelAndView com.xhMall.controller.UserController.testView()
2018-10-29 23:03:47.722 [main] INFO  o.s.w.s.m.m.a.RequestMappingHandlerMapping - Mapped "{[/index],methods=[],params=[],headers=[],consumes=[],produces=[],custom=[]}" onto public java.lang.String com.xhMall.controller.UserController.testView(org.springframework.ui.Model)
2018-10-29 23:03:47.722 [main] INFO  o.s.w.s.m.m.a.RequestMappingHandlerMapping - Mapped "{[/fileUpLoad],methods=[],params=[],headers=[],consumes=[],produces=[],custom=[]}" onto public java.lang.String com.xhMall.controller.UserController.fileUpLoad(org.springframework.web.multipart.MultipartFile,javax.servlet.http.HttpServletRequest)
2018-10-29 23:03:47.722 [main] INFO  o.s.w.s.m.m.a.RequestMappingHandlerMapping - Mapped "{[/exportData],methods=[],params=[],headers=[],consumes=[],produces=[],custom=[]}" onto public org.springframework.http.ResponseEntity<byte[]> com.xhMall.controller.UserController.exportData(javax.servlet.http.HttpServletResponse)
2018-10-29 23:03:47.821 [main] INFO  o.s.web.servlet.handler.SimpleUrlHandlerMapping - Mapped URL path [/**] onto handler 'org.springframework.web.servlet.resource.DefaultServletHttpRequestHandler#0'
2018-10-29 23:03:47.834 [main] INFO  o.s.w.s.m.m.a.RequestMappingHandlerMapping - Mapped "{[/activate],methods=[GET],params=[],headers=[],consumes=[],produces=[],custom=[]}" onto public com.xhMall.dto.BaseResult<?> com.xhMall.controller.UserController.activate(java.lang.String,java.lang.String)
2018-10-29 23:03:47.835 [main] INFO  o.s.w.s.m.m.a.RequestMappingHandlerMapping - Mapped "{[/login],methods=[POST],params=[],headers=[],consumes=[],produces=[],custom=[]}" onto public java.lang.String com.xhMall.controller.UserController.login(javax.servlet.http.HttpServletRequest,javax.servlet.http.HttpServletResponse,com.xhMall.db.entity.UserEntity)
2018-10-29 23:03:47.835 [main] INFO  o.s.w.s.m.m.a.RequestMappingHandlerMapping - Mapped "{[/getVerifyCode],methods=[GET],params=[],headers=[],consumes=[],produces=[],custom=[]}" onto public com.xhMall.dto.BaseResult<?> com.xhMall.controller.UserController.getVerifyCode(javax.servlet.http.HttpServletRequest,javax.servlet.http.HttpServletResponse)
2018-10-29 23:03:47.835 [main] INFO  o.s.w.s.m.m.a.RequestMappingHandlerMapping - Mapped "{[/mall_regist],methods=[],params=[],headers=[],consumes=[],produces=[],custom=[]}" onto public org.springframework.web.servlet.ModelAndView com.xhMall.controller.UserController.mall_regist(javax.servlet.http.HttpServletRequest,javax.servlet.http.HttpServletResponse)
2018-10-29 23:03:47.835 [main] INFO  o.s.w.s.m.m.a.RequestMappingHandlerMapping - Mapped "{[/regist],methods=[],params=[],headers=[],consumes=[],produces=[],custom=[]}" onto public com.xhMall.dto.BaseResult<?> com.xhMall.controller.UserController.regist(javax.servlet.http.HttpServletResponse,javax.servlet.http.HttpServletRequest,com.xhMall.db.entity.UserEntity,org.springframework.validation.BindingResult)
2018-10-29 23:03:47.835 [main] INFO  o.s.w.s.m.m.a.RequestMappingHandlerMapping - Mapped "{[/showData],methods=[],params=[],headers=[],consumes=[],produces=[],custom=[]}" onto public com.xhMall.dto.BaseResult<?> com.xhMall.controller.UserController.showData()
2018-10-29 23:03:47.835 [main] INFO  o.s.w.s.m.m.a.RequestMappingHandlerMapping - Mapped "{[/showData1],methods=[],params=[],headers=[],consumes=[],produces=[],custom=[]}" onto public java.lang.String com.xhMall.controller.UserController.showData1()
2018-10-29 23:03:47.836 [main] INFO  o.s.w.s.m.m.a.RequestMappingHandlerMapping - Mapped "{[/test],methods=[],params=[],headers=[],consumes=[],produces=[],custom=[]}" onto public org.springframework.web.servlet.ModelAndView com.xhMall.controller.UserController.testView()
2018-10-29 23:03:47.836 [main] INFO  o.s.w.s.m.m.a.RequestMappingHandlerMapping - Mapped "{[/index],methods=[],params=[],headers=[],consumes=[],produces=[],custom=[]}" onto public java.lang.String com.xhMall.controller.UserController.testView(org.springframework.ui.Model)
2018-10-29 23:03:47.836 [main] INFO  o.s.w.s.m.m.a.RequestMappingHandlerMapping - Mapped "{[/fileUpLoad],methods=[],params=[],headers=[],consumes=[],produces=[],custom=[]}" onto public java.lang.String com.xhMall.controller.UserController.fileUpLoad(org.springframework.web.multipart.MultipartFile,javax.servlet.http.HttpServletRequest)
2018-10-29 23:03:47.836 [main] INFO  o.s.w.s.m.m.a.RequestMappingHandlerMapping - Mapped "{[/exportData],methods=[],params=[],headers=[],consumes=[],produces=[],custom=[]}" onto public org.springframework.http.ResponseEntity<byte[]> com.xhMall.controller.UserController.exportData(javax.servlet.http.HttpServletResponse)
2018-10-29 23:03:47.857 [main] INFO  org.apache.tiles.access.TilesAccess - Publishing TilesContext for context: org.springframework.web.servlet.view.tiles3.SpringWildcardServletTilesApplicationContext
2018-10-29 23:03:47.910 [main] INFO  org.springframework.web.servlet.DispatcherServlet - FrameworkServlet 'dispatcher': initialization completed in 303 ms
