2019-01-27 14:17:43.628 [main] INFO  org.springframework.web.servlet.DispatcherServlet - FrameworkServlet 'dispatcher': initialization started
2019-01-27 14:17:43.640 [main] INFO  o.s.web.context.support.XmlWebApplicationContext - Refreshing WebApplicationContext for namespace 'dispatcher-servlet': startup date [Sun Jan 27 14:17:43 CST 2019]; parent: Root WebApplicationContext
2019-01-27 14:17:43.641 [main] INFO  o.s.beans.factory.xml.XmlBeanDefinitionReader - Loading XML bean definitions from class path resource [spring/spring-mvc.xml]
2019-01-27 14:17:43.811 [main] INFO  o.s.b.f.a.AutowiredAnnotationBeanPostProcessor - JSR-330 'javax.inject.Inject' annotation found and supported for autowiring
2019-01-27 14:17:43.825 [main] INFO  o.s.w.s.m.m.a.RequestMappingHandlerMapping - Mapped "{[/activate],methods=[GET],params=[],headers=[],consumes=[],produces=[],custom=[]}" onto public com.xhMall.dto.BaseResult<?> com.xhMall.controller.UserController.activate(java.lang.String,java.lang.String)
2019-01-27 14:17:43.826 [main] INFO  o.s.w.s.m.m.a.RequestMappingHandlerMapping - Mapped "{[/login],methods=[POST],params=[],headers=[],consumes=[],produces=[],custom=[]}" onto public java.lang.String com.xhMall.controller.UserController.login(javax.servlet.http.HttpServletRequest,javax.servlet.http.HttpServletResponse,com.xhMall.db.entity.UserEntity)
2019-01-27 14:17:43.826 [main] INFO  o.s.w.s.m.m.a.RequestMappingHandlerMapping - Mapped "{[/getVerifyCode],methods=[GET],params=[],headers=[],consumes=[],produces=[],custom=[]}" onto public com.xhMall.dto.BaseResult<?> com.xhMall.controller.UserController.getVerifyCode(javax.servlet.http.HttpServletRequest,javax.servlet.http.HttpServletResponse)
2019-01-27 14:17:43.826 [main] INFO  o.s.w.s.m.m.a.RequestMappingHandlerMapping - Mapped "{[/regist],methods=[],params=[],headers=[],consumes=[],produces=[],custom=[]}" onto public com.xhMall.dto.BaseResult<?> com.xhMall.controller.UserController.regist(javax.servlet.http.HttpServletResponse,javax.servlet.http.HttpServletRequest,com.xhMall.db.entity.UserEntity,org.springframework.validation.BindingResult)
2019-01-27 14:17:43.826 [main] INFO  o.s.w.s.m.m.a.RequestMappingHandlerMapping - Mapped "{[/showData],methods=[],params=[],headers=[],consumes=[],produces=[],custom=[]}" onto public com.xhMall.dto.BaseResult<?> com.xhMall.controller.UserController.showData()
2019-01-27 14:17:43.826 [main] INFO  o.s.w.s.m.m.a.RequestMappingHandlerMapping - Mapped "{[/showData1],methods=[],params=[],headers=[],consumes=[],produces=[],custom=[]}" onto public java.lang.String com.xhMall.controller.UserController.showData1()
2019-01-27 14:17:43.827 [main] INFO  o.s.w.s.m.m.a.RequestMappingHandlerMapping - Mapped "{[/mall_regist],methods=[],params=[],headers=[],consumes=[],produces=[],custom=[]}" onto public org.springframework.web.servlet.ModelAndView com.xhMall.controller.UserController.mall_regist(javax.servlet.http.HttpServletRequest,javax.servlet.http.HttpServletResponse)
2019-01-27 14:17:43.827 [main] INFO  o.s.w.s.m.m.a.RequestMappingHandlerMapping - Mapped "{[/exportData],methods=[],params=[],headers=[],consumes=[],produces=[],custom=[]}" onto public void com.xhMall.controller.UserController.exportData(javax.servlet.http.HttpServletRequest,javax.servlet.http.HttpServletResponse)
2019-01-27 14:17:43.827 [main] INFO  o.s.w.s.m.m.a.RequestMappingHandlerMapping - Mapped "{[/fileUpLoad],methods=[],params=[],headers=[],consumes=[],produces=[],custom=[]}" onto public java.lang.String com.xhMall.controller.UserController.fileUpLoad(org.springframework.web.multipart.MultipartFile,javax.servlet.http.HttpServletRequest)
2019-01-27 14:17:43.827 [main] INFO  o.s.w.s.m.m.a.RequestMappingHandlerMapping - Mapped "{[/index],methods=[],params=[],headers=[],consumes=[],produces=[],custom=[]}" onto public java.lang.String com.xhMall.controller.UserController.testView(org.springframework.ui.Model)
2019-01-27 14:17:43.827 [main] INFO  o.s.w.s.m.m.a.RequestMappingHandlerMapping - Mapped "{[/test],methods=[],params=[],headers=[],consumes=[],produces=[],custom=[]}" onto public org.springframework.web.servlet.ModelAndView com.xhMall.controller.UserController.testView()
2019-01-27 14:17:44.003 [main] INFO  o.s.web.servlet.handler.SimpleUrlHandlerMapping - Mapped URL path [/**] onto handler 'org.springframework.web.servlet.resource.DefaultServletHttpRequestHandler#0'
2019-01-27 14:17:44.015 [main] INFO  o.s.w.s.m.m.a.RequestMappingHandlerMapping - Mapped "{[/activate],methods=[GET],params=[],headers=[],consumes=[],produces=[],custom=[]}" onto public com.xhMall.dto.BaseResult<?> com.xhMall.controller.UserController.activate(java.lang.String,java.lang.String)
2019-01-27 14:17:44.016 [main] INFO  o.s.w.s.m.m.a.RequestMappingHandlerMapping - Mapped "{[/login],methods=[POST],params=[],headers=[],consumes=[],produces=[],custom=[]}" onto public java.lang.String com.xhMall.controller.UserController.login(javax.servlet.http.HttpServletRequest,javax.servlet.http.HttpServletResponse,com.xhMall.db.entity.UserEntity)
2019-01-27 14:17:44.016 [main] INFO  o.s.w.s.m.m.a.RequestMappingHandlerMapping - Mapped "{[/getVerifyCode],methods=[GET],params=[],headers=[],consumes=[],produces=[],custom=[]}" onto public com.xhMall.dto.BaseResult<?> com.xhMall.controller.UserController.getVerifyCode(javax.servlet.http.HttpServletRequest,javax.servlet.http.HttpServletResponse)
2019-01-27 14:17:44.018 [main] INFO  o.s.w.s.m.m.a.RequestMappingHandlerMapping - Mapped "{[/regist],methods=[],params=[],headers=[],consumes=[],produces=[],custom=[]}" onto public com.xhMall.dto.BaseResult<?> com.xhMall.controller.UserController.regist(javax.servlet.http.HttpServletResponse,javax.servlet.http.HttpServletRequest,com.xhMall.db.entity.UserEntity,org.springframework.validation.BindingResult)
2019-01-27 14:17:44.022 [main] INFO  o.s.w.s.m.m.a.RequestMappingHandlerMapping - Mapped "{[/showData],methods=[],params=[],headers=[],consumes=[],produces=[],custom=[]}" onto public com.xhMall.dto.BaseResult<?> com.xhMall.controller.UserController.showData()
2019-01-27 14:17:44.023 [main] INFO  o.s.w.s.m.m.a.RequestMappingHandlerMapping - Mapped "{[/showData1],methods=[],params=[],headers=[],consumes=[],produces=[],custom=[]}" onto public java.lang.String com.xhMall.controller.UserController.showData1()
2019-01-27 14:17:44.023 [main] INFO  o.s.w.s.m.m.a.RequestMappingHandlerMapping - Mapped "{[/mall_regist],methods=[],params=[],headers=[],consumes=[],produces=[],custom=[]}" onto public org.springframework.web.servlet.ModelAndView com.xhMall.controller.UserController.mall_regist(javax.servlet.http.HttpServletRequest,javax.servlet.http.HttpServletResponse)
2019-01-27 14:17:44.023 [main] INFO  o.s.w.s.m.m.a.RequestMappingHandlerMapping - Mapped "{[/exportData],methods=[],params=[],headers=[],consumes=[],produces=[],custom=[]}" onto public void com.xhMall.controller.UserController.exportData(javax.servlet.http.HttpServletRequest,javax.servlet.http.HttpServletResponse)
2019-01-27 14:17:44.024 [main] INFO  o.s.w.s.m.m.a.RequestMappingHandlerMapping - Mapped "{[/fileUpLoad],methods=[],params=[],headers=[],consumes=[],produces=[],custom=[]}" onto public java.lang.String com.xhMall.controller.UserController.fileUpLoad(org.springframework.web.multipart.MultipartFile,javax.servlet.http.HttpServletRequest)
2019-01-27 14:17:44.024 [main] INFO  o.s.w.s.m.m.a.RequestMappingHandlerMapping - Mapped "{[/index],methods=[],params=[],headers=[],consumes=[],produces=[],custom=[]}" onto public java.lang.String com.xhMall.controller.UserController.testView(org.springframework.ui.Model)
2019-01-27 14:17:44.024 [main] INFO  o.s.w.s.m.m.a.RequestMappingHandlerMapping - Mapped "{[/test],methods=[],params=[],headers=[],consumes=[],produces=[],custom=[]}" onto public org.springframework.web.servlet.ModelAndView com.xhMall.controller.UserController.testView()
2019-01-27 14:17:44.058 [main] INFO  org.apache.tiles.access.TilesAccess - Publishing TilesContext for context: org.springframework.web.servlet.view.tiles3.SpringWildcardServletTilesApplicationContext
2019-01-27 14:17:44.127 [main] INFO  org.springframework.web.servlet.DispatcherServlet - FrameworkServlet 'dispatcher': initialization completed in 497 ms
