2018-09-05 23:11:23.783 [main] INFO  org.springframework.web.servlet.DispatcherServlet - FrameworkServlet 'dispatcher': initialization started
2018-09-05 23:11:23.783 [main] INFO  o.s.web.context.support.XmlWebApplicationContext - Refreshing WebApplicationContext for namespace 'dispatcher-servlet': startup date [Wed Sep 05 23:11:23 CST 2018]; parent: Root WebApplicationContext
2018-09-05 23:11:23.783 [main] INFO  o.s.beans.factory.xml.XmlBeanDefinitionReader - Loading XML bean definitions from class path resource [spring/spring-mvc.xml]
2018-09-05 23:11:23.861 [main] INFO  o.s.b.factory.support.DefaultListableBeanFactory - Overriding bean definition for bean 'mvcContentNegotiationManager': replacing [Root bean: class [org.springframework.web.accept.ContentNegotiationManagerFactoryBean]; scope=; abstract=false; lazyInit=false; autowireMode=0; dependencyCheck=0; autowireCandidate=true; primary=false; factoryBeanName=null; factoryMethodName=null; initMethodName=null; destroyMethodName=null] with [Root bean: class [org.springframework.web.accept.ContentNegotiationManagerFactoryBean]; scope=; abstract=false; lazyInit=false; autowireMode=0; dependencyCheck=0; autowireCandidate=true; primary=false; factoryBeanName=null; factoryMethodName=null; initMethodName=null; destroyMethodName=null]
2018-09-05 23:11:23.861 [main] INFO  o.s.b.factory.support.DefaultListableBeanFactory - Overriding bean definition for bean 'mvcUriComponentsContributor': replacing [Root bean: class [org.springframework.web.servlet.config.AnnotationDrivenBeanDefinitionParser$CompositeUriComponentsContributorFactoryBean]; scope=; abstract=false; lazyInit=false; autowireMode=0; dependencyCheck=0; autowireCandidate=true; primary=false; factoryBeanName=null; factoryMethodName=null; initMethodName=null; destroyMethodName=null] with [Root bean: class [org.springframework.web.servlet.config.AnnotationDrivenBeanDefinitionParser$CompositeUriComponentsContributorFactoryBean]; scope=; abstract=false; lazyInit=false; autowireMode=0; dependencyCheck=0; autowireCandidate=true; primary=false; factoryBeanName=null; factoryMethodName=null; initMethodName=null; destroyMethodName=null]
2018-09-05 23:11:23.876 [main] INFO  o.s.b.f.a.AutowiredAnnotationBeanPostProcessor - JSR-330 'javax.inject.Inject' annotation found and supported for autowiring
2018-09-05 23:11:23.908 [main] INFO  o.s.w.s.m.m.a.RequestMappingHandlerMapping - Mapped "{[/user/login],methods=[POST],params=[],headers=[],consumes=[],produces=[],custom=[]}" onto public java.lang.String com.xhMall.controller.UserController.login(javax.servlet.http.HttpServletRequest,javax.servlet.http.HttpServletResponse,com.xhMall.db.entity.UserEntity)
2018-09-05 23:11:23.908 [main] INFO  o.s.w.s.m.m.a.RequestMappingHandlerMapping - Mapped "{[/user/getVerifyCode],methods=[GET],params=[],headers=[],consumes=[],produces=[],custom=[]}" onto public com.xhMall.dto.BaseResult<?> com.xhMall.controller.UserController.getVerifyCode(javax.servlet.http.HttpServletRequest,javax.servlet.http.HttpServletResponse)
2018-09-05 23:11:23.908 [main] INFO  o.s.w.s.m.m.a.RequestMappingHandlerMapping - Mapped "{[/user/regist],methods=[],params=[],headers=[],consumes=[],produces=[],custom=[]}" onto public com.xhMall.dto.BaseResult<?> com.xhMall.controller.UserController.regist(javax.servlet.http.HttpServletResponse,javax.servlet.http.HttpServletRequest,com.xhMall.db.entity.UserEntity,org.springframework.validation.BindingResult)
2018-09-05 23:11:23.908 [main] INFO  o.s.w.s.m.m.a.RequestMappingHandlerMapping - Mapped "{[/user/mall_regist],methods=[],params=[],headers=[],consumes=[],produces=[],custom=[]}" onto public org.springframework.web.servlet.ModelAndView com.xhMall.controller.UserController.mall_regist(javax.servlet.http.HttpServletRequest,javax.servlet.http.HttpServletResponse)
2018-09-05 23:11:23.908 [main] INFO  o.s.w.s.m.m.a.RequestMappingHandlerMapping - Mapped "{[/user/test],methods=[GET],params=[],headers=[],consumes=[],produces=[],custom=[]}" onto public com.xhMall.dto.GankResult com.xhMall.controller.UserController.test()
2018-09-05 23:11:23.908 [main] INFO  o.s.w.s.m.m.a.RequestMappingHandlerMapping - Mapped "{[/user/activate],methods=[GET],params=[],headers=[],consumes=[],produces=[],custom=[]}" onto public com.xhMall.dto.BaseResult<?> com.xhMall.controller.UserController.activate(java.lang.String,java.lang.String)
2018-09-05 23:11:23.986 [main] INFO  o.s.w.s.m.m.a.RequestMappingHandlerMapping - Mapped "{[/user/login],methods=[POST],params=[],headers=[],consumes=[],produces=[],custom=[]}" onto public java.lang.String com.xhMall.controller.UserController.login(javax.servlet.http.HttpServletRequest,javax.servlet.http.HttpServletResponse,com.xhMall.db.entity.UserEntity)
2018-09-05 23:11:23.986 [main] INFO  o.s.w.s.m.m.a.RequestMappingHandlerMapping - Mapped "{[/user/getVerifyCode],methods=[GET],params=[],headers=[],consumes=[],produces=[],custom=[]}" onto public com.xhMall.dto.BaseResult<?> com.xhMall.controller.UserController.getVerifyCode(javax.servlet.http.HttpServletRequest,javax.servlet.http.HttpServletResponse)
2018-09-05 23:11:23.986 [main] INFO  o.s.w.s.m.m.a.RequestMappingHandlerMapping - Mapped "{[/user/regist],methods=[],params=[],headers=[],consumes=[],produces=[],custom=[]}" onto public com.xhMall.dto.BaseResult<?> com.xhMall.controller.UserController.regist(javax.servlet.http.HttpServletResponse,javax.servlet.http.HttpServletRequest,com.xhMall.db.entity.UserEntity,org.springframework.validation.BindingResult)
2018-09-05 23:11:23.986 [main] INFO  o.s.w.s.m.m.a.RequestMappingHandlerMapping - Mapped "{[/user/mall_regist],methods=[],params=[],headers=[],consumes=[],produces=[],custom=[]}" onto public org.springframework.web.servlet.ModelAndView com.xhMall.controller.UserController.mall_regist(javax.servlet.http.HttpServletRequest,javax.servlet.http.HttpServletResponse)
2018-09-05 23:11:23.986 [main] INFO  o.s.w.s.m.m.a.RequestMappingHandlerMapping - Mapped "{[/user/test],methods=[GET],params=[],headers=[],consumes=[],produces=[],custom=[]}" onto public com.xhMall.dto.GankResult com.xhMall.controller.UserController.test()
2018-09-05 23:11:23.986 [main] INFO  o.s.w.s.m.m.a.RequestMappingHandlerMapping - Mapped "{[/user/activate],methods=[GET],params=[],headers=[],consumes=[],produces=[],custom=[]}" onto public com.xhMall.dto.BaseResult<?> com.xhMall.controller.UserController.activate(java.lang.String,java.lang.String)
2018-09-05 23:11:24.079 [main] INFO  org.springframework.web.servlet.DispatcherServlet - FrameworkServlet 'dispatcher': initialization completed in 281 ms
2018-09-05 23:15:00.120 [qtp99195804-20] WARN  org.springframework.web.servlet.PageNotFound - No mapping found for HTTP request with URI [/assets/demo/default/base/style.bundle.css] in DispatcherServlet with name 'dispatcher'
2018-09-05 23:15:00.125 [qtp99195804-17] WARN  org.springframework.web.servlet.PageNotFound - No mapping found for HTTP request with URI [/css/bootstrap-datetimepicker.min.css] in DispatcherServlet with name 'dispatcher'
2018-09-05 23:15:00.131 [qtp99195804-17] WARN  org.springframework.web.servlet.PageNotFound - No mapping found for HTTP request with URI [/js/bootstrap.min.js] in DispatcherServlet with name 'dispatcher'
2018-09-05 23:15:00.131 [qtp99195804-20] WARN  org.springframework.web.servlet.PageNotFound - No mapping found for HTTP request with URI [/js/common.js] in DispatcherServlet with name 'dispatcher'
2018-09-05 23:15:00.134 [qtp99195804-18] WARN  org.springframework.web.servlet.PageNotFound - No mapping found for HTTP request with URI [/js/bootstrap-datetimepicker.min.js] in DispatcherServlet with name 'dispatcher'
2018-09-05 23:15:00.136 [qtp99195804-16] WARN  org.springframework.web.servlet.PageNotFound - No mapping found for HTTP request with URI [/js/jquery-1.12.4.min.js] in DispatcherServlet with name 'dispatcher'
2018-09-05 23:15:00.137 [qtp99195804-15] WARN  org.springframework.web.servlet.PageNotFound - No mapping found for HTTP request with URI [/js/locales/bootstrap-datetimepicker.zh-CN.js] in DispatcherServlet with name 'dispatcher'
2018-09-05 23:15:00.142 [qtp99195804-22] WARN  org.springframework.web.servlet.PageNotFound - No mapping found for HTTP request with URI [/css/bootstrap.min.css] in DispatcherServlet with name 'dispatcher'
2018-09-05 23:15:00.149 [qtp99195804-20] WARN  org.springframework.web.servlet.PageNotFound - No mapping found for HTTP request with URI [/js/common.js] in DispatcherServlet with name 'dispatcher'
2018-09-05 23:15:00.167 [qtp99195804-22] WARN  org.springframework.web.servlet.PageNotFound - No mapping found for HTTP request with URI [/assets/app/media/img/bg/bg-1.jpg] in DispatcherServlet with name 'dispatcher'
2018-09-05 23:15:00.178 [qtp99195804-16] WARN  org.springframework.web.servlet.PageNotFound - No mapping found for HTTP request with URI [/js/bootstrap.min.js] in DispatcherServlet with name 'dispatcher'
2018-09-05 23:15:00.184 [qtp99195804-22] WARN  org.springframework.web.servlet.PageNotFound - No mapping found for HTTP request with URI [/js/bootstrap-datetimepicker.min.js] in DispatcherServlet with name 'dispatcher'
2018-09-05 23:15:00.189 [qtp99195804-16] WARN  org.springframework.web.servlet.PageNotFound - No mapping found for HTTP request with URI [/js/locales/bootstrap-datetimepicker.zh-CN.js] in DispatcherServlet with name 'dispatcher'
