2018-10-28 12:55:32.523 [main] INFO  org.springframework.web.servlet.DispatcherServlet - FrameworkServlet 'dispatcher': initialization started
2018-10-28 12:55:32.531 [main] INFO  o.s.web.context.support.XmlWebApplicationContext - Refreshing WebApplicationContext for namespace 'dispatcher-servlet': startup date [Sun Oct 28 12:55:32 CST 2018]; parent: Root WebApplicationContext
2018-10-28 12:55:32.532 [main] INFO  o.s.beans.factory.xml.XmlBeanDefinitionReader - Loading XML bean definitions from class path resource [spring/spring-mvc.xml]
2018-10-28 12:55:32.664 [main] INFO  o.s.b.f.a.AutowiredAnnotationBeanPostProcessor - JSR-330 'javax.inject.Inject' annotation found and supported for autowiring
2018-10-28 12:55:32.689 [main] INFO  o.s.w.s.m.m.a.RequestMappingHandlerMapping - Mapped "{[/activate],methods=[GET],params=[],headers=[],consumes=[],produces=[],custom=[]}" onto public com.xhMall.dto.BaseResult<?> com.xhMall.controller.UserController.activate(java.lang.String,java.lang.String)
2018-10-28 12:55:32.690 [main] INFO  o.s.w.s.m.m.a.RequestMappingHandlerMapping - Mapped "{[/login],methods=[POST],params=[],headers=[],consumes=[],produces=[],custom=[]}" onto public java.lang.String com.xhMall.controller.UserController.login(javax.servlet.http.HttpServletRequest,javax.servlet.http.HttpServletResponse,com.xhMall.db.entity.UserEntity)
2018-10-28 12:55:32.690 [main] INFO  o.s.w.s.m.m.a.RequestMappingHandlerMapping - Mapped "{[/getVerifyCode],methods=[GET],params=[],headers=[],consumes=[],produces=[],custom=[]}" onto public com.xhMall.dto.BaseResult<?> com.xhMall.controller.UserController.getVerifyCode(javax.servlet.http.HttpServletRequest,javax.servlet.http.HttpServletResponse)
2018-10-28 12:55:32.690 [main] INFO  o.s.w.s.m.m.a.RequestMappingHandlerMapping - Mapped "{[/regist],methods=[],params=[],headers=[],consumes=[],produces=[],custom=[]}" onto public com.xhMall.dto.BaseResult<?> com.xhMall.controller.UserController.regist(javax.servlet.http.HttpServletResponse,javax.servlet.http.HttpServletRequest,com.xhMall.db.entity.UserEntity,org.springframework.validation.BindingResult)
2018-10-28 12:55:32.690 [main] INFO  o.s.w.s.m.m.a.RequestMappingHandlerMapping - Mapped "{[/mall_regist],methods=[],params=[],headers=[],consumes=[],produces=[],custom=[]}" onto public org.springframework.web.servlet.ModelAndView com.xhMall.controller.UserController.mall_regist(javax.servlet.http.HttpServletRequest,javax.servlet.http.HttpServletResponse)
2018-10-28 12:55:32.690 [main] INFO  o.s.w.s.m.m.a.RequestMappingHandlerMapping - Mapped "{[/showData],methods=[],params=[],headers=[],consumes=[],produces=[],custom=[]}" onto public com.xhMall.dto.BaseResult<?> com.xhMall.controller.UserController.showData()
2018-10-28 12:55:32.690 [main] INFO  o.s.w.s.m.m.a.RequestMappingHandlerMapping - Mapped "{[/index],methods=[],params=[],headers=[],consumes=[],produces=[],custom=[]}" onto public java.lang.String com.xhMall.controller.UserController.testView(org.springframework.ui.Model)
2018-10-28 12:55:32.690 [main] INFO  o.s.w.s.m.m.a.RequestMappingHandlerMapping - Mapped "{[/showData1],methods=[],params=[],headers=[],consumes=[],produces=[],custom=[]}" onto public java.lang.String com.xhMall.controller.UserController.showData1()
2018-10-28 12:55:32.690 [main] INFO  o.s.w.s.m.m.a.RequestMappingHandlerMapping - Mapped "{[/fileUpLoad],methods=[],params=[],headers=[],consumes=[],produces=[],custom=[]}" onto public java.lang.String com.xhMall.controller.UserController.fileUpLoad(org.springframework.web.multipart.MultipartFile,javax.servlet.http.HttpServletRequest)
2018-10-28 12:55:32.691 [main] INFO  o.s.w.s.m.m.a.RequestMappingHandlerMapping - Mapped "{[/exportData],methods=[],params=[],headers=[],consumes=[],produces=[],custom=[]}" onto public org.springframework.http.ResponseEntity<byte[]> com.xhMall.controller.UserController.exportData(javax.servlet.http.HttpServletResponse)
2018-10-28 12:55:32.781 [main] INFO  o.s.web.servlet.handler.SimpleUrlHandlerMapping - Mapped URL path [/**] onto handler 'org.springframework.web.servlet.resource.DefaultServletHttpRequestHandler#0'
2018-10-28 12:55:32.827 [main] INFO  o.s.w.s.m.m.a.RequestMappingHandlerMapping - Mapped "{[/activate],methods=[GET],params=[],headers=[],consumes=[],produces=[],custom=[]}" onto public com.xhMall.dto.BaseResult<?> com.xhMall.controller.UserController.activate(java.lang.String,java.lang.String)
2018-10-28 12:55:32.828 [main] INFO  o.s.w.s.m.m.a.RequestMappingHandlerMapping - Mapped "{[/login],methods=[POST],params=[],headers=[],consumes=[],produces=[],custom=[]}" onto public java.lang.String com.xhMall.controller.UserController.login(javax.servlet.http.HttpServletRequest,javax.servlet.http.HttpServletResponse,com.xhMall.db.entity.UserEntity)
2018-10-28 12:55:32.828 [main] INFO  o.s.w.s.m.m.a.RequestMappingHandlerMapping - Mapped "{[/getVerifyCode],methods=[GET],params=[],headers=[],consumes=[],produces=[],custom=[]}" onto public com.xhMall.dto.BaseResult<?> com.xhMall.controller.UserController.getVerifyCode(javax.servlet.http.HttpServletRequest,javax.servlet.http.HttpServletResponse)
2018-10-28 12:55:32.829 [main] INFO  o.s.w.s.m.m.a.RequestMappingHandlerMapping - Mapped "{[/regist],methods=[],params=[],headers=[],consumes=[],produces=[],custom=[]}" onto public com.xhMall.dto.BaseResult<?> com.xhMall.controller.UserController.regist(javax.servlet.http.HttpServletResponse,javax.servlet.http.HttpServletRequest,com.xhMall.db.entity.UserEntity,org.springframework.validation.BindingResult)
2018-10-28 12:55:32.829 [main] INFO  o.s.w.s.m.m.a.RequestMappingHandlerMapping - Mapped "{[/mall_regist],methods=[],params=[],headers=[],consumes=[],produces=[],custom=[]}" onto public org.springframework.web.servlet.ModelAndView com.xhMall.controller.UserController.mall_regist(javax.servlet.http.HttpServletRequest,javax.servlet.http.HttpServletResponse)
2018-10-28 12:55:32.831 [main] INFO  o.s.w.s.m.m.a.RequestMappingHandlerMapping - Mapped "{[/showData],methods=[],params=[],headers=[],consumes=[],produces=[],custom=[]}" onto public com.xhMall.dto.BaseResult<?> com.xhMall.controller.UserController.showData()
2018-10-28 12:55:32.833 [main] INFO  o.s.w.s.m.m.a.RequestMappingHandlerMapping - Mapped "{[/index],methods=[],params=[],headers=[],consumes=[],produces=[],custom=[]}" onto public java.lang.String com.xhMall.controller.UserController.testView(org.springframework.ui.Model)
2018-10-28 12:55:32.833 [main] INFO  o.s.w.s.m.m.a.RequestMappingHandlerMapping - Mapped "{[/showData1],methods=[],params=[],headers=[],consumes=[],produces=[],custom=[]}" onto public java.lang.String com.xhMall.controller.UserController.showData1()
2018-10-28 12:55:32.834 [main] INFO  o.s.w.s.m.m.a.RequestMappingHandlerMapping - Mapped "{[/fileUpLoad],methods=[],params=[],headers=[],consumes=[],produces=[],custom=[]}" onto public java.lang.String com.xhMall.controller.UserController.fileUpLoad(org.springframework.web.multipart.MultipartFile,javax.servlet.http.HttpServletRequest)
2018-10-28 12:55:32.834 [main] INFO  o.s.w.s.m.m.a.RequestMappingHandlerMapping - Mapped "{[/exportData],methods=[],params=[],headers=[],consumes=[],produces=[],custom=[]}" onto public org.springframework.http.ResponseEntity<byte[]> com.xhMall.controller.UserController.exportData(javax.servlet.http.HttpServletResponse)
2018-10-28 12:55:32.871 [main] INFO  org.apache.tiles.access.TilesAccess - Publishing TilesContext for context: org.springframework.web.servlet.view.tiles3.SpringWildcardServletTilesApplicationContext
2018-10-28 12:55:32.913 [main] INFO  org.springframework.web.servlet.DispatcherServlet - FrameworkServlet 'dispatcher': initialization completed in 389 ms
2018-10-28 21:15:41.711 [main] INFO  org.springframework.web.servlet.DispatcherServlet - FrameworkServlet 'dispatcher': initialization started
2018-10-28 21:15:41.711 [main] INFO  o.s.web.context.support.XmlWebApplicationContext - Refreshing WebApplicationContext for namespace 'dispatcher-servlet': startup date [Sun Oct 28 21:15:41 CST 2018]; parent: Root WebApplicationContext
2018-10-28 21:15:41.711 [main] INFO  o.s.beans.factory.xml.XmlBeanDefinitionReader - Loading XML bean definitions from class path resource [spring/spring-mvc.xml]
2018-10-28 21:15:41.821 [main] INFO  o.s.b.f.a.AutowiredAnnotationBeanPostProcessor - JSR-330 'javax.inject.Inject' annotation found and supported for autowiring
2018-10-28 21:15:41.836 [main] INFO  o.s.w.s.m.m.a.RequestMappingHandlerMapping - Mapped "{[/activate],methods=[GET],params=[],headers=[],consumes=[],produces=[],custom=[]}" onto public com.xhMall.dto.BaseResult<?> com.xhMall.controller.UserController.activate(java.lang.String,java.lang.String)
2018-10-28 21:15:41.836 [main] INFO  o.s.w.s.m.m.a.RequestMappingHandlerMapping - Mapped "{[/getVerifyCode],methods=[GET],params=[],headers=[],consumes=[],produces=[],custom=[]}" onto public com.xhMall.dto.BaseResult<?> com.xhMall.controller.UserController.getVerifyCode(javax.servlet.http.HttpServletRequest,javax.servlet.http.HttpServletResponse)
2018-10-28 21:15:41.836 [main] INFO  o.s.w.s.m.m.a.RequestMappingHandlerMapping - Mapped "{[/mall_regist],methods=[],params=[],headers=[],consumes=[],produces=[],custom=[]}" onto public org.springframework.web.servlet.ModelAndView com.xhMall.controller.UserController.mall_regist(javax.servlet.http.HttpServletRequest,javax.servlet.http.HttpServletResponse)
2018-10-28 21:15:41.836 [main] INFO  o.s.w.s.m.m.a.RequestMappingHandlerMapping - Mapped "{[/regist],methods=[],params=[],headers=[],consumes=[],produces=[],custom=[]}" onto public com.xhMall.dto.BaseResult<?> com.xhMall.controller.UserController.regist(javax.servlet.http.HttpServletResponse,javax.servlet.http.HttpServletRequest,com.xhMall.db.entity.UserEntity,org.springframework.validation.BindingResult)
2018-10-28 21:15:41.836 [main] INFO  o.s.w.s.m.m.a.RequestMappingHandlerMapping - Mapped "{[/showData1],methods=[],params=[],headers=[],consumes=[],produces=[],custom=[]}" onto public java.lang.String com.xhMall.controller.UserController.showData1()
2018-10-28 21:15:41.836 [main] INFO  o.s.w.s.m.m.a.RequestMappingHandlerMapping - Mapped "{[/showData],methods=[],params=[],headers=[],consumes=[],produces=[],custom=[]}" onto public com.xhMall.dto.BaseResult<?> com.xhMall.controller.UserController.showData()
2018-10-28 21:15:41.836 [main] INFO  o.s.w.s.m.m.a.RequestMappingHandlerMapping - Mapped "{[/exportData],methods=[],params=[],headers=[],consumes=[],produces=[],custom=[]}" onto public org.springframework.http.ResponseEntity<byte[]> com.xhMall.controller.UserController.exportData(javax.servlet.http.HttpServletResponse)
2018-10-28 21:15:41.836 [main] INFO  o.s.w.s.m.m.a.RequestMappingHandlerMapping - Mapped "{[/index],methods=[],params=[],headers=[],consumes=[],produces=[],custom=[]}" onto public java.lang.String com.xhMall.controller.UserController.testView(org.springframework.ui.Model)
2018-10-28 21:15:41.836 [main] INFO  o.s.w.s.m.m.a.RequestMappingHandlerMapping - Mapped "{[/fileUpLoad],methods=[],params=[],headers=[],consumes=[],produces=[],custom=[]}" onto public java.lang.String com.xhMall.controller.UserController.fileUpLoad(org.springframework.web.multipart.MultipartFile,javax.servlet.http.HttpServletRequest)
2018-10-28 21:15:41.836 [main] INFO  o.s.w.s.m.m.a.RequestMappingHandlerMapping - Mapped "{[/login],methods=[POST],params=[],headers=[],consumes=[],produces=[],custom=[]}" onto public java.lang.String com.xhMall.controller.UserController.login(javax.servlet.http.HttpServletRequest,javax.servlet.http.HttpServletResponse,com.xhMall.db.entity.UserEntity)
2018-10-28 21:15:41.914 [main] INFO  o.s.web.servlet.handler.SimpleUrlHandlerMapping - Mapped URL path [/**] onto handler 'org.springframework.web.servlet.resource.DefaultServletHttpRequestHandler#0'
2018-10-28 21:15:41.930 [main] INFO  o.s.w.s.m.m.a.RequestMappingHandlerMapping - Mapped "{[/activate],methods=[GET],params=[],headers=[],consumes=[],produces=[],custom=[]}" onto public com.xhMall.dto.BaseResult<?> com.xhMall.controller.UserController.activate(java.lang.String,java.lang.String)
2018-10-28 21:15:41.930 [main] INFO  o.s.w.s.m.m.a.RequestMappingHandlerMapping - Mapped "{[/getVerifyCode],methods=[GET],params=[],headers=[],consumes=[],produces=[],custom=[]}" onto public com.xhMall.dto.BaseResult<?> com.xhMall.controller.UserController.getVerifyCode(javax.servlet.http.HttpServletRequest,javax.servlet.http.HttpServletResponse)
2018-10-28 21:15:41.930 [main] INFO  o.s.w.s.m.m.a.RequestMappingHandlerMapping - Mapped "{[/mall_regist],methods=[],params=[],headers=[],consumes=[],produces=[],custom=[]}" onto public org.springframework.web.servlet.ModelAndView com.xhMall.controller.UserController.mall_regist(javax.servlet.http.HttpServletRequest,javax.servlet.http.HttpServletResponse)
2018-10-28 21:15:41.930 [main] INFO  o.s.w.s.m.m.a.RequestMappingHandlerMapping - Mapped "{[/regist],methods=[],params=[],headers=[],consumes=[],produces=[],custom=[]}" onto public com.xhMall.dto.BaseResult<?> com.xhMall.controller.UserController.regist(javax.servlet.http.HttpServletResponse,javax.servlet.http.HttpServletRequest,com.xhMall.db.entity.UserEntity,org.springframework.validation.BindingResult)
2018-10-28 21:15:41.930 [main] INFO  o.s.w.s.m.m.a.RequestMappingHandlerMapping - Mapped "{[/showData1],methods=[],params=[],headers=[],consumes=[],produces=[],custom=[]}" onto public java.lang.String com.xhMall.controller.UserController.showData1()
2018-10-28 21:15:41.930 [main] INFO  o.s.w.s.m.m.a.RequestMappingHandlerMapping - Mapped "{[/showData],methods=[],params=[],headers=[],consumes=[],produces=[],custom=[]}" onto public com.xhMall.dto.BaseResult<?> com.xhMall.controller.UserController.showData()
2018-10-28 21:15:41.930 [main] INFO  o.s.w.s.m.m.a.RequestMappingHandlerMapping - Mapped "{[/exportData],methods=[],params=[],headers=[],consumes=[],produces=[],custom=[]}" onto public org.springframework.http.ResponseEntity<byte[]> com.xhMall.controller.UserController.exportData(javax.servlet.http.HttpServletResponse)
2018-10-28 21:15:41.930 [main] INFO  o.s.w.s.m.m.a.RequestMappingHandlerMapping - Mapped "{[/index],methods=[],params=[],headers=[],consumes=[],produces=[],custom=[]}" onto public java.lang.String com.xhMall.controller.UserController.testView(org.springframework.ui.Model)
2018-10-28 21:15:41.930 [main] INFO  o.s.w.s.m.m.a.RequestMappingHandlerMapping - Mapped "{[/fileUpLoad],methods=[],params=[],headers=[],consumes=[],produces=[],custom=[]}" onto public java.lang.String com.xhMall.controller.UserController.fileUpLoad(org.springframework.web.multipart.MultipartFile,javax.servlet.http.HttpServletRequest)
2018-10-28 21:15:41.930 [main] INFO  o.s.w.s.m.m.a.RequestMappingHandlerMapping - Mapped "{[/login],methods=[POST],params=[],headers=[],consumes=[],produces=[],custom=[]}" onto public java.lang.String com.xhMall.controller.UserController.login(javax.servlet.http.HttpServletRequest,javax.servlet.http.HttpServletResponse,com.xhMall.db.entity.UserEntity)
2018-10-28 21:15:41.946 [main] INFO  org.apache.tiles.access.TilesAccess - Publishing TilesContext for context: org.springframework.web.servlet.view.tiles3.SpringWildcardServletTilesApplicationContext
2018-10-28 21:15:41.977 [main] INFO  org.springframework.web.servlet.DispatcherServlet - FrameworkServlet 'dispatcher': initialization completed in 266 ms
