2018-10-22 21:15:28.334 [main] INFO  org.springframework.web.servlet.DispatcherServlet - FrameworkServlet 'dispatcher': initialization started
2018-10-22 21:15:28.340 [main] INFO  o.s.web.context.support.XmlWebApplicationContext - Refreshing WebApplicationContext for namespace 'dispatcher-servlet': startup date [Mon Oct 22 21:15:28 CST 2018]; parent: Root WebApplicationContext
2018-10-22 21:15:28.341 [main] INFO  o.s.beans.factory.xml.XmlBeanDefinitionReader - Loading XML bean definitions from class path resource [spring/spring-mvc.xml]
2018-10-22 21:15:28.407 [main] INFO  o.s.b.f.a.AutowiredAnnotationBeanPostProcessor - JSR-330 'javax.inject.Inject' annotation found and supported for autowiring
2018-10-22 21:15:28.422 [main] INFO  o.s.w.s.m.m.a.RequestMappingHandlerMapping - Mapped "{[/activate],methods=[GET],params=[],headers=[],consumes=[],produces=[],custom=[]}" onto public com.xhMall.dto.BaseResult<?> com.xhMall.controller.UserController.activate(java.lang.String,java.lang.String)
2018-10-22 21:15:28.423 [main] INFO  o.s.w.s.m.m.a.RequestMappingHandlerMapping - Mapped "{[/login],methods=[POST],params=[],headers=[],consumes=[],produces=[],custom=[]}" onto public java.lang.String com.xhMall.controller.UserController.login(javax.servlet.http.HttpServletRequest,javax.servlet.http.HttpServletResponse,com.xhMall.db.entity.UserEntity)
2018-10-22 21:15:28.423 [main] INFO  o.s.w.s.m.m.a.RequestMappingHandlerMapping - Mapped "{[/getVerifyCode],methods=[GET],params=[],headers=[],consumes=[],produces=[],custom=[]}" onto public com.xhMall.dto.BaseResult<?> com.xhMall.controller.UserController.getVerifyCode(javax.servlet.http.HttpServletRequest,javax.servlet.http.HttpServletResponse)
2018-10-22 21:15:28.423 [main] INFO  o.s.w.s.m.m.a.RequestMappingHandlerMapping - Mapped "{[/regist],methods=[],params=[],headers=[],consumes=[],produces=[],custom=[]}" onto public com.xhMall.dto.BaseResult<?> com.xhMall.controller.UserController.regist(javax.servlet.http.HttpServletResponse,javax.servlet.http.HttpServletRequest,com.xhMall.db.entity.UserEntity,org.springframework.validation.BindingResult)
2018-10-22 21:15:28.423 [main] INFO  o.s.w.s.m.m.a.RequestMappingHandlerMapping - Mapped "{[/mall_regist],methods=[],params=[],headers=[],consumes=[],produces=[],custom=[]}" onto public org.springframework.web.servlet.ModelAndView com.xhMall.controller.UserController.mall_regist(javax.servlet.http.HttpServletRequest,javax.servlet.http.HttpServletResponse)
2018-10-22 21:15:28.423 [main] INFO  o.s.w.s.m.m.a.RequestMappingHandlerMapping - Mapped "{[/fileUpLoad],methods=[],params=[],headers=[],consumes=[],produces=[],custom=[]}" onto public java.lang.String com.xhMall.controller.UserController.fileUpLoad(org.springframework.web.multipart.MultipartFile,javax.servlet.http.HttpServletRequest)
2018-10-22 21:15:28.423 [main] INFO  o.s.w.s.m.m.a.RequestMappingHandlerMapping - Mapped "{[/showData],methods=[],params=[],headers=[],consumes=[],produces=[],custom=[]}" onto public com.xhMall.dto.BaseResult<?> com.xhMall.controller.UserController.showData()
2018-10-22 21:15:28.423 [main] INFO  o.s.w.s.m.m.a.RequestMappingHandlerMapping - Mapped "{[/index],methods=[],params=[],headers=[],consumes=[],produces=[],custom=[]}" onto public java.lang.String com.xhMall.controller.UserController.testView(org.springframework.ui.Model)
2018-10-22 21:15:28.423 [main] INFO  o.s.w.s.m.m.a.RequestMappingHandlerMapping - Mapped "{[/showData1],methods=[],params=[],headers=[],consumes=[],produces=[],custom=[]}" onto public java.lang.String com.xhMall.controller.UserController.showData1()
2018-10-22 21:15:28.423 [main] INFO  o.s.w.s.m.m.a.RequestMappingHandlerMapping - Mapped "{[/exportData],methods=[],params=[],headers=[],consumes=[],produces=[],custom=[]}" onto public org.springframework.http.ResponseEntity<byte[]> com.xhMall.controller.UserController.exportData(javax.servlet.http.HttpServletResponse)
2018-10-22 21:15:28.513 [main] INFO  o.s.web.servlet.handler.SimpleUrlHandlerMapping - Mapped URL path [/**] onto handler 'org.springframework.web.servlet.resource.DefaultServletHttpRequestHandler#0'
2018-10-22 21:15:28.521 [main] INFO  o.s.w.s.m.m.a.RequestMappingHandlerMapping - Mapped "{[/activate],methods=[GET],params=[],headers=[],consumes=[],produces=[],custom=[]}" onto public com.xhMall.dto.BaseResult<?> com.xhMall.controller.UserController.activate(java.lang.String,java.lang.String)
2018-10-22 21:15:28.521 [main] INFO  o.s.w.s.m.m.a.RequestMappingHandlerMapping - Mapped "{[/login],methods=[POST],params=[],headers=[],consumes=[],produces=[],custom=[]}" onto public java.lang.String com.xhMall.controller.UserController.login(javax.servlet.http.HttpServletRequest,javax.servlet.http.HttpServletResponse,com.xhMall.db.entity.UserEntity)
2018-10-22 21:15:28.522 [main] INFO  o.s.w.s.m.m.a.RequestMappingHandlerMapping - Mapped "{[/getVerifyCode],methods=[GET],params=[],headers=[],consumes=[],produces=[],custom=[]}" onto public com.xhMall.dto.BaseResult<?> com.xhMall.controller.UserController.getVerifyCode(javax.servlet.http.HttpServletRequest,javax.servlet.http.HttpServletResponse)
2018-10-22 21:15:28.523 [main] INFO  o.s.w.s.m.m.a.RequestMappingHandlerMapping - Mapped "{[/regist],methods=[],params=[],headers=[],consumes=[],produces=[],custom=[]}" onto public com.xhMall.dto.BaseResult<?> com.xhMall.controller.UserController.regist(javax.servlet.http.HttpServletResponse,javax.servlet.http.HttpServletRequest,com.xhMall.db.entity.UserEntity,org.springframework.validation.BindingResult)
2018-10-22 21:15:28.523 [main] INFO  o.s.w.s.m.m.a.RequestMappingHandlerMapping - Mapped "{[/mall_regist],methods=[],params=[],headers=[],consumes=[],produces=[],custom=[]}" onto public org.springframework.web.servlet.ModelAndView com.xhMall.controller.UserController.mall_regist(javax.servlet.http.HttpServletRequest,javax.servlet.http.HttpServletResponse)
2018-10-22 21:15:28.523 [main] INFO  o.s.w.s.m.m.a.RequestMappingHandlerMapping - Mapped "{[/fileUpLoad],methods=[],params=[],headers=[],consumes=[],produces=[],custom=[]}" onto public java.lang.String com.xhMall.controller.UserController.fileUpLoad(org.springframework.web.multipart.MultipartFile,javax.servlet.http.HttpServletRequest)
2018-10-22 21:15:28.524 [main] INFO  o.s.w.s.m.m.a.RequestMappingHandlerMapping - Mapped "{[/showData],methods=[],params=[],headers=[],consumes=[],produces=[],custom=[]}" onto public com.xhMall.dto.BaseResult<?> com.xhMall.controller.UserController.showData()
2018-10-22 21:15:28.524 [main] INFO  o.s.w.s.m.m.a.RequestMappingHandlerMapping - Mapped "{[/index],methods=[],params=[],headers=[],consumes=[],produces=[],custom=[]}" onto public java.lang.String com.xhMall.controller.UserController.testView(org.springframework.ui.Model)
2018-10-22 21:15:28.524 [main] INFO  o.s.w.s.m.m.a.RequestMappingHandlerMapping - Mapped "{[/showData1],methods=[],params=[],headers=[],consumes=[],produces=[],custom=[]}" onto public java.lang.String com.xhMall.controller.UserController.showData1()
2018-10-22 21:15:28.524 [main] INFO  o.s.w.s.m.m.a.RequestMappingHandlerMapping - Mapped "{[/exportData],methods=[],params=[],headers=[],consumes=[],produces=[],custom=[]}" onto public org.springframework.http.ResponseEntity<byte[]> com.xhMall.controller.UserController.exportData(javax.servlet.http.HttpServletResponse)
2018-10-22 21:15:28.581 [main] INFO  org.apache.tiles.access.TilesAccess - Publishing TilesContext for context: org.springframework.web.servlet.view.tiles3.SpringWildcardServletTilesApplicationContext
2018-10-22 21:15:28.649 [main] INFO  org.springframework.web.servlet.DispatcherServlet - FrameworkServlet 'dispatcher': initialization completed in 313 ms
2018-10-22 21:33:07.535 [main] INFO  org.springframework.web.servlet.DispatcherServlet - FrameworkServlet 'dispatcher': initialization started
2018-10-22 21:33:07.540 [main] INFO  o.s.web.context.support.XmlWebApplicationContext - Refreshing WebApplicationContext for namespace 'dispatcher-servlet': startup date [Mon Oct 22 21:33:07 CST 2018]; parent: Root WebApplicationContext
2018-10-22 21:33:07.541 [main] INFO  o.s.beans.factory.xml.XmlBeanDefinitionReader - Loading XML bean definitions from class path resource [spring/spring-mvc.xml]
2018-10-22 21:33:07.643 [main] INFO  o.s.b.f.a.AutowiredAnnotationBeanPostProcessor - JSR-330 'javax.inject.Inject' annotation found and supported for autowiring
2018-10-22 21:33:07.658 [main] INFO  o.s.w.s.m.m.a.RequestMappingHandlerMapping - Mapped "{[/activate],methods=[GET],params=[],headers=[],consumes=[],produces=[],custom=[]}" onto public com.xhMall.dto.BaseResult<?> com.xhMall.controller.UserController.activate(java.lang.String,java.lang.String)
2018-10-22 21:33:07.658 [main] INFO  o.s.w.s.m.m.a.RequestMappingHandlerMapping - Mapped "{[/getVerifyCode],methods=[GET],params=[],headers=[],consumes=[],produces=[],custom=[]}" onto public com.xhMall.dto.BaseResult<?> com.xhMall.controller.UserController.getVerifyCode(javax.servlet.http.HttpServletRequest,javax.servlet.http.HttpServletResponse)
2018-10-22 21:33:07.658 [main] INFO  o.s.w.s.m.m.a.RequestMappingHandlerMapping - Mapped "{[/regist],methods=[],params=[],headers=[],consumes=[],produces=[],custom=[]}" onto public com.xhMall.dto.BaseResult<?> com.xhMall.controller.UserController.regist(javax.servlet.http.HttpServletResponse,javax.servlet.http.HttpServletRequest,com.xhMall.db.entity.UserEntity,org.springframework.validation.BindingResult)
2018-10-22 21:33:07.658 [main] INFO  o.s.w.s.m.m.a.RequestMappingHandlerMapping - Mapped "{[/mall_regist],methods=[],params=[],headers=[],consumes=[],produces=[],custom=[]}" onto public org.springframework.web.servlet.ModelAndView com.xhMall.controller.UserController.mall_regist(javax.servlet.http.HttpServletRequest,javax.servlet.http.HttpServletResponse)
2018-10-22 21:33:07.658 [main] INFO  o.s.w.s.m.m.a.RequestMappingHandlerMapping - Mapped "{[/showData],methods=[],params=[],headers=[],consumes=[],produces=[],custom=[]}" onto public com.xhMall.dto.BaseResult<?> com.xhMall.controller.UserController.showData()
2018-10-22 21:33:07.659 [main] INFO  o.s.w.s.m.m.a.RequestMappingHandlerMapping - Mapped "{[/fileUpLoad],methods=[],params=[],headers=[],consumes=[],produces=[],custom=[]}" onto public java.lang.String com.xhMall.controller.UserController.fileUpLoad(org.springframework.web.multipart.MultipartFile,javax.servlet.http.HttpServletRequest)
2018-10-22 21:33:07.659 [main] INFO  o.s.w.s.m.m.a.RequestMappingHandlerMapping - Mapped "{[/exportData],methods=[],params=[],headers=[],consumes=[],produces=[],custom=[]}" onto public org.springframework.http.ResponseEntity<byte[]> com.xhMall.controller.UserController.exportData(javax.servlet.http.HttpServletResponse)
2018-10-22 21:33:07.659 [main] INFO  o.s.w.s.m.m.a.RequestMappingHandlerMapping - Mapped "{[/index],methods=[],params=[],headers=[],consumes=[],produces=[],custom=[]}" onto public java.lang.String com.xhMall.controller.UserController.testView(org.springframework.ui.Model)
2018-10-22 21:33:07.659 [main] INFO  o.s.w.s.m.m.a.RequestMappingHandlerMapping - Mapped "{[/showData1],methods=[],params=[],headers=[],consumes=[],produces=[],custom=[]}" onto public java.lang.String com.xhMall.controller.UserController.showData1()
2018-10-22 21:33:07.659 [main] INFO  o.s.w.s.m.m.a.RequestMappingHandlerMapping - Mapped "{[/login],methods=[POST],params=[],headers=[],consumes=[],produces=[],custom=[]}" onto public java.lang.String com.xhMall.controller.UserController.login(javax.servlet.http.HttpServletRequest,javax.servlet.http.HttpServletResponse,com.xhMall.db.entity.UserEntity)
2018-10-22 21:33:07.753 [main] INFO  o.s.web.servlet.handler.SimpleUrlHandlerMapping - Mapped URL path [/**] onto handler 'org.springframework.web.servlet.resource.DefaultServletHttpRequestHandler#0'
2018-10-22 21:33:07.758 [main] INFO  o.s.w.s.m.m.a.RequestMappingHandlerMapping - Mapped "{[/activate],methods=[GET],params=[],headers=[],consumes=[],produces=[],custom=[]}" onto public com.xhMall.dto.BaseResult<?> com.xhMall.controller.UserController.activate(java.lang.String,java.lang.String)
2018-10-22 21:33:07.758 [main] INFO  o.s.w.s.m.m.a.RequestMappingHandlerMapping - Mapped "{[/getVerifyCode],methods=[GET],params=[],headers=[],consumes=[],produces=[],custom=[]}" onto public com.xhMall.dto.BaseResult<?> com.xhMall.controller.UserController.getVerifyCode(javax.servlet.http.HttpServletRequest,javax.servlet.http.HttpServletResponse)
2018-10-22 21:33:07.758 [main] INFO  o.s.w.s.m.m.a.RequestMappingHandlerMapping - Mapped "{[/regist],methods=[],params=[],headers=[],consumes=[],produces=[],custom=[]}" onto public com.xhMall.dto.BaseResult<?> com.xhMall.controller.UserController.regist(javax.servlet.http.HttpServletResponse,javax.servlet.http.HttpServletRequest,com.xhMall.db.entity.UserEntity,org.springframework.validation.BindingResult)
2018-10-22 21:33:07.759 [main] INFO  o.s.w.s.m.m.a.RequestMappingHandlerMapping - Mapped "{[/mall_regist],methods=[],params=[],headers=[],consumes=[],produces=[],custom=[]}" onto public org.springframework.web.servlet.ModelAndView com.xhMall.controller.UserController.mall_regist(javax.servlet.http.HttpServletRequest,javax.servlet.http.HttpServletResponse)
2018-10-22 21:33:07.759 [main] INFO  o.s.w.s.m.m.a.RequestMappingHandlerMapping - Mapped "{[/showData],methods=[],params=[],headers=[],consumes=[],produces=[],custom=[]}" onto public com.xhMall.dto.BaseResult<?> com.xhMall.controller.UserController.showData()
2018-10-22 21:33:07.759 [main] INFO  o.s.w.s.m.m.a.RequestMappingHandlerMapping - Mapped "{[/fileUpLoad],methods=[],params=[],headers=[],consumes=[],produces=[],custom=[]}" onto public java.lang.String com.xhMall.controller.UserController.fileUpLoad(org.springframework.web.multipart.MultipartFile,javax.servlet.http.HttpServletRequest)
2018-10-22 21:33:07.759 [main] INFO  o.s.w.s.m.m.a.RequestMappingHandlerMapping - Mapped "{[/exportData],methods=[],params=[],headers=[],consumes=[],produces=[],custom=[]}" onto public org.springframework.http.ResponseEntity<byte[]> com.xhMall.controller.UserController.exportData(javax.servlet.http.HttpServletResponse)
2018-10-22 21:33:07.760 [main] INFO  o.s.w.s.m.m.a.RequestMappingHandlerMapping - Mapped "{[/index],methods=[],params=[],headers=[],consumes=[],produces=[],custom=[]}" onto public java.lang.String com.xhMall.controller.UserController.testView(org.springframework.ui.Model)
2018-10-22 21:33:07.760 [main] INFO  o.s.w.s.m.m.a.RequestMappingHandlerMapping - Mapped "{[/showData1],methods=[],params=[],headers=[],consumes=[],produces=[],custom=[]}" onto public java.lang.String com.xhMall.controller.UserController.showData1()
2018-10-22 21:33:07.760 [main] INFO  o.s.w.s.m.m.a.RequestMappingHandlerMapping - Mapped "{[/login],methods=[POST],params=[],headers=[],consumes=[],produces=[],custom=[]}" onto public java.lang.String com.xhMall.controller.UserController.login(javax.servlet.http.HttpServletRequest,javax.servlet.http.HttpServletResponse,com.xhMall.db.entity.UserEntity)
2018-10-22 21:33:07.783 [main] INFO  org.apache.tiles.access.TilesAccess - Publishing TilesContext for context: org.springframework.web.servlet.view.tiles3.SpringWildcardServletTilesApplicationContext
2018-10-22 21:33:07.824 [main] INFO  org.springframework.web.servlet.DispatcherServlet - FrameworkServlet 'dispatcher': initialization completed in 288 ms
2018-10-22 22:12:08.908 [main] INFO  org.springframework.web.servlet.DispatcherServlet - FrameworkServlet 'dispatcher': initialization started
2018-10-22 22:12:08.908 [main] INFO  o.s.web.context.support.XmlWebApplicationContext - Refreshing WebApplicationContext for namespace 'dispatcher-servlet': startup date [Mon Oct 22 22:12:08 CST 2018]; parent: Root WebApplicationContext
2018-10-22 22:12:08.908 [main] INFO  o.s.beans.factory.xml.XmlBeanDefinitionReader - Loading XML bean definitions from class path resource [spring/spring-mvc.xml]
2018-10-22 22:12:08.975 [main] INFO  o.s.b.f.a.AutowiredAnnotationBeanPostProcessor - JSR-330 'javax.inject.Inject' annotation found and supported for autowiring
2018-10-22 22:12:09.002 [main] INFO  o.s.w.s.m.m.a.RequestMappingHandlerMapping - Mapped "{[/activate],methods=[GET],params=[],headers=[],consumes=[],produces=[],custom=[]}" onto public com.xhMall.dto.BaseResult<?> com.xhMall.controller.UserController.activate(java.lang.String,java.lang.String)
2018-10-22 22:12:09.003 [main] INFO  o.s.w.s.m.m.a.RequestMappingHandlerMapping - Mapped "{[/login],methods=[POST],params=[],headers=[],consumes=[],produces=[],custom=[]}" onto public java.lang.String com.xhMall.controller.UserController.login(javax.servlet.http.HttpServletRequest,javax.servlet.http.HttpServletResponse,com.xhMall.db.entity.UserEntity)
2018-10-22 22:12:09.004 [main] INFO  o.s.w.s.m.m.a.RequestMappingHandlerMapping - Mapped "{[/getVerifyCode],methods=[GET],params=[],headers=[],consumes=[],produces=[],custom=[]}" onto public com.xhMall.dto.BaseResult<?> com.xhMall.controller.UserController.getVerifyCode(javax.servlet.http.HttpServletRequest,javax.servlet.http.HttpServletResponse)
2018-10-22 22:12:09.006 [main] INFO  o.s.w.s.m.m.a.RequestMappingHandlerMapping - Mapped "{[/showData],methods=[],params=[],headers=[],consumes=[],produces=[],custom=[]}" onto public com.xhMall.dto.BaseResult<?> com.xhMall.controller.UserController.showData()
2018-10-22 22:12:09.006 [main] INFO  o.s.w.s.m.m.a.RequestMappingHandlerMapping - Mapped "{[/exportData],methods=[],params=[],headers=[],consumes=[],produces=[],custom=[]}" onto public org.springframework.http.ResponseEntity<byte[]> com.xhMall.controller.UserController.exportData(javax.servlet.http.HttpServletResponse)
2018-10-22 22:12:09.006 [main] INFO  o.s.w.s.m.m.a.RequestMappingHandlerMapping - Mapped "{[/fileUpLoad],methods=[],params=[],headers=[],consumes=[],produces=[],custom=[]}" onto public java.lang.String com.xhMall.controller.UserController.fileUpLoad(org.springframework.web.multipart.MultipartFile,javax.servlet.http.HttpServletRequest)
2018-10-22 22:12:09.006 [main] INFO  o.s.w.s.m.m.a.RequestMappingHandlerMapping - Mapped "{[/showData1],methods=[],params=[],headers=[],consumes=[],produces=[],custom=[]}" onto public java.lang.String com.xhMall.controller.UserController.showData1()
2018-10-22 22:12:09.007 [main] INFO  o.s.w.s.m.m.a.RequestMappingHandlerMapping - Mapped "{[/index],methods=[],params=[],headers=[],consumes=[],produces=[],custom=[]}" onto public java.lang.String com.xhMall.controller.UserController.testView(org.springframework.ui.Model)
2018-10-22 22:12:09.007 [main] INFO  o.s.w.s.m.m.a.RequestMappingHandlerMapping - Mapped "{[/regist],methods=[],params=[],headers=[],consumes=[],produces=[],custom=[]}" onto public com.xhMall.dto.BaseResult<?> com.xhMall.controller.UserController.regist(javax.servlet.http.HttpServletResponse,javax.servlet.http.HttpServletRequest,com.xhMall.db.entity.UserEntity,org.springframework.validation.BindingResult)
2018-10-22 22:12:09.007 [main] INFO  o.s.w.s.m.m.a.RequestMappingHandlerMapping - Mapped "{[/mall_regist],methods=[],params=[],headers=[],consumes=[],produces=[],custom=[]}" onto public org.springframework.web.servlet.ModelAndView com.xhMall.controller.UserController.mall_regist(javax.servlet.http.HttpServletRequest,javax.servlet.http.HttpServletResponse)
2018-10-22 22:12:09.105 [main] INFO  o.s.web.servlet.handler.SimpleUrlHandlerMapping - Mapped URL path [/**] onto handler 'org.springframework.web.servlet.resource.DefaultServletHttpRequestHandler#0'
2018-10-22 22:12:09.105 [main] INFO  o.s.w.s.m.m.a.RequestMappingHandlerMapping - Mapped "{[/activate],methods=[GET],params=[],headers=[],consumes=[],produces=[],custom=[]}" onto public com.xhMall.dto.BaseResult<?> com.xhMall.controller.UserController.activate(java.lang.String,java.lang.String)
2018-10-22 22:12:09.105 [main] INFO  o.s.w.s.m.m.a.RequestMappingHandlerMapping - Mapped "{[/login],methods=[POST],params=[],headers=[],consumes=[],produces=[],custom=[]}" onto public java.lang.String com.xhMall.controller.UserController.login(javax.servlet.http.HttpServletRequest,javax.servlet.http.HttpServletResponse,com.xhMall.db.entity.UserEntity)
2018-10-22 22:12:09.105 [main] INFO  o.s.w.s.m.m.a.RequestMappingHandlerMapping - Mapped "{[/getVerifyCode],methods=[GET],params=[],headers=[],consumes=[],produces=[],custom=[]}" onto public com.xhMall.dto.BaseResult<?> com.xhMall.controller.UserController.getVerifyCode(javax.servlet.http.HttpServletRequest,javax.servlet.http.HttpServletResponse)
2018-10-22 22:12:09.121 [main] INFO  o.s.w.s.m.m.a.RequestMappingHandlerMapping - Mapped "{[/showData],methods=[],params=[],headers=[],consumes=[],produces=[],custom=[]}" onto public com.xhMall.dto.BaseResult<?> com.xhMall.controller.UserController.showData()
2018-10-22 22:12:09.121 [main] INFO  o.s.w.s.m.m.a.RequestMappingHandlerMapping - Mapped "{[/exportData],methods=[],params=[],headers=[],consumes=[],produces=[],custom=[]}" onto public org.springframework.http.ResponseEntity<byte[]> com.xhMall.controller.UserController.exportData(javax.servlet.http.HttpServletResponse)
2018-10-22 22:12:09.121 [main] INFO  o.s.w.s.m.m.a.RequestMappingHandlerMapping - Mapped "{[/fileUpLoad],methods=[],params=[],headers=[],consumes=[],produces=[],custom=[]}" onto public java.lang.String com.xhMall.controller.UserController.fileUpLoad(org.springframework.web.multipart.MultipartFile,javax.servlet.http.HttpServletRequest)
2018-10-22 22:12:09.121 [main] INFO  o.s.w.s.m.m.a.RequestMappingHandlerMapping - Mapped "{[/showData1],methods=[],params=[],headers=[],consumes=[],produces=[],custom=[]}" onto public java.lang.String com.xhMall.controller.UserController.showData1()
2018-10-22 22:12:09.121 [main] INFO  o.s.w.s.m.m.a.RequestMappingHandlerMapping - Mapped "{[/index],methods=[],params=[],headers=[],consumes=[],produces=[],custom=[]}" onto public java.lang.String com.xhMall.controller.UserController.testView(org.springframework.ui.Model)
2018-10-22 22:12:09.121 [main] INFO  o.s.w.s.m.m.a.RequestMappingHandlerMapping - Mapped "{[/regist],methods=[],params=[],headers=[],consumes=[],produces=[],custom=[]}" onto public com.xhMall.dto.BaseResult<?> com.xhMall.controller.UserController.regist(javax.servlet.http.HttpServletResponse,javax.servlet.http.HttpServletRequest,com.xhMall.db.entity.UserEntity,org.springframework.validation.BindingResult)
2018-10-22 22:12:09.121 [main] INFO  o.s.w.s.m.m.a.RequestMappingHandlerMapping - Mapped "{[/mall_regist],methods=[],params=[],headers=[],consumes=[],produces=[],custom=[]}" onto public org.springframework.web.servlet.ModelAndView com.xhMall.controller.UserController.mall_regist(javax.servlet.http.HttpServletRequest,javax.servlet.http.HttpServletResponse)
2018-10-22 22:12:09.136 [main] INFO  org.apache.tiles.access.TilesAccess - Publishing TilesContext for context: org.springframework.web.servlet.view.tiles3.SpringWildcardServletTilesApplicationContext
2018-10-22 22:12:09.168 [main] INFO  org.springframework.web.servlet.DispatcherServlet - FrameworkServlet 'dispatcher': initialization completed in 260 ms
